Dec 09, 2017 10:51:06 PM nl.cypherpunk.statelearner.Learner <init>
INFO: Using TLS SUL
Dec 09, 2017 10:51:12 PM nl.cypherpunk.statelearner.Learner learn
INFO: Using learning algorithm ExtensibleLStarMealy
Dec 09, 2017 10:51:12 PM nl.cypherpunk.statelearner.Learner learn
INFO: Using equivalence algorithm MealyModifiedWMethodEQOracle
Dec 09, 2017 10:51:12 PM nl.cypherpunk.statelearner.Learner learn
INFO: Starting learning
Dec 09, 2017 10:51:12 PM de.learnlib.logging.LearnLogger logPhase
INFO: Starting round 1
Dec 10, 2017 12:25:59 AM nl.cypherpunk.statelearner.Learner learn
INFO: -------------------------------------------------------
Dec 10, 2017 12:25:59 AM nl.cypherpunk.statelearner.Learner learn
INFO: Learning [ms]: 116626, (116.626 s)
Searching for counter-example [ms]: 5570900, (5570.9 s)
Total time [ms]: 5687679, (5687.679 s)

Dec 10, 2017 12:25:59 AM nl.cypherpunk.statelearner.Learner learn
INFO: Rounds []: 1
Dec 10, 2017 12:25:59 AM nl.cypherpunk.statelearner.Learner learn
INFO: membership queries to SUL [queries]: 639
Dec 10, 2017 12:25:59 AM nl.cypherpunk.statelearner.Learner learn
INFO: membership queries to cache [queries]: 639
Dec 10, 2017 12:25:59 AM nl.cypherpunk.statelearner.Learner learn
INFO: equivalence queries to SUL [queries]: 5282
Dec 10, 2017 12:25:59 AM nl.cypherpunk.statelearner.Learner learn
INFO: equivalence queries to cache [queries]: 5282
Dec 10, 2017 12:25:59 AM nl.cypherpunk.statelearner.Learner learn
INFO: States in final hypothesis: 7
