Dec 09, 2017 10:35:29 PM nl.cypherpunk.statelearner.Learner <init>
INFO: Using TLS SUL
Dec 09, 2017 10:35:35 PM nl.cypherpunk.statelearner.Learner learn
INFO: Using learning algorithm ExtensibleLStarMealy
Dec 09, 2017 10:35:35 PM nl.cypherpunk.statelearner.Learner learn
INFO: Using equivalence algorithm MealyModifiedWMethodEQOracle
Dec 09, 2017 10:35:35 PM nl.cypherpunk.statelearner.Learner learn
INFO: Starting learning
Dec 09, 2017 10:35:35 PM de.learnlib.logging.LearnLogger logPhase
INFO: Starting round 1
Dec 09, 2017 10:42:10 PM nl.cypherpunk.statelearner.Learner learn
INFO: -------------------------------------------------------
Dec 09, 2017 10:42:10 PM nl.cypherpunk.statelearner.Learner learn
INFO: Learning [ms]: 116674, (116.674 s)
Searching for counter-example [ms]: 277362, (277.362 s)
Total time [ms]: 394729, (394.729 s)

Dec 09, 2017 10:42:10 PM nl.cypherpunk.statelearner.Learner learn
INFO: Rounds []: 1
Dec 09, 2017 10:42:10 PM nl.cypherpunk.statelearner.Learner learn
INFO: membership queries to SUL [queries]: 639
Dec 09, 2017 10:42:10 PM nl.cypherpunk.statelearner.Learner learn
INFO: membership queries to cache [queries]: 639
Dec 09, 2017 10:42:10 PM nl.cypherpunk.statelearner.Learner learn
INFO: equivalence queries to SUL [queries]: 696
Dec 09, 2017 10:42:10 PM nl.cypherpunk.statelearner.Learner learn
INFO: equivalence queries to cache [queries]: 696
Dec 09, 2017 10:42:10 PM nl.cypherpunk.statelearner.Learner learn
INFO: States in final hypothesis: 7
