Dec 09, 2017 7:09:29 PM de.learnlib.logging.LearnLogger logQuery
INFO: [ε | ε / ε | ε]
Dec 09, 2017 7:09:31 PM de.learnlib.logging.LearnLogger logQuery
INFO: [ε | ClientHelloRSA / ε | Empty]
Dec 09, 2017 7:09:31 PM de.learnlib.logging.LearnLogger logQuery
INFO: [ε | ClientHelloRSA ClientHelloDHE ClientKeyExchange / ε | Empty Empty Empty]
Dec 09, 2017 7:09:38 PM de.learnlib.logging.LearnLogger logQuery
INFO: [ε | ε / ε | ε]
Dec 09, 2017 7:09:38 PM de.learnlib.logging.LearnLogger logQuery
INFO: [ε | ClientHelloRSA / ε | Empty]
Dec 09, 2017 7:09:38 PM de.learnlib.logging.LearnLogger logQuery
INFO: [ε | ClientHelloRSA ClientHelloDHE ClientKeyExchange / ε | Empty Empty Empty]
Dec 09, 2017 7:09:40 PM de.learnlib.logging.LearnLogger logQuery
INFO: [ε | ε / ε | ε]
Dec 09, 2017 7:09:40 PM de.learnlib.logging.LearnLogger logQuery
INFO: [ε | ClientHelloRSA / ε | Empty]
Dec 09, 2017 7:09:40 PM de.learnlib.logging.LearnLogger logQuery
INFO: [ε | ClientHelloRSA ClientHelloDHE ClientKeyExchange / ε | Empty Empty Empty]
Dec 09, 2017 7:09:42 PM de.learnlib.logging.LearnLogger logQuery
INFO: [ε | ε / ε | ε]
Dec 09, 2017 7:09:42 PM de.learnlib.logging.LearnLogger logQuery
INFO: [ε | ClientHelloRSA / ε | Empty]
Dec 09, 2017 7:09:43 PM de.learnlib.logging.LearnLogger logQuery
INFO: [ε | ClientHelloRSA ClientHelloDHE ClientKeyExchange / ε | Empty Empty Empty]
Dec 09, 2017 7:09:45 PM de.learnlib.logging.LearnLogger logQuery
INFO: [ε | ε / ε | ε]
Dec 09, 2017 7:09:45 PM de.learnlib.logging.LearnLogger logQuery
INFO: [ε | ClientHelloRSA / ε | Empty]
Dec 09, 2017 7:09:45 PM de.learnlib.logging.LearnLogger logQuery
INFO: [ε | ClientHelloRSA ClientHelloDHE ClientKeyExchange / ε | Empty Empty Empty]
Dec 09, 2017 7:09:49 PM de.learnlib.logging.LearnLogger logQuery
INFO: [ε | ε / ε | ε]
Dec 09, 2017 7:09:49 PM de.learnlib.logging.LearnLogger logQuery
INFO: [ε | ClientHelloRSA / ε | Empty]
Dec 09, 2017 7:09:49 PM de.learnlib.logging.LearnLogger logQuery
INFO: [ε | ClientHelloRSA ClientHelloDHE ClientKeyExchange / ε | Empty Empty Empty]
Dec 09, 2017 7:09:53 PM de.learnlib.logging.LearnLogger logQuery
INFO: [ε | ε / ε | ε]
Dec 09, 2017 7:09:53 PM de.learnlib.logging.LearnLogger logQuery
INFO: [ε | ClientHelloRSA / ε | Empty]
Dec 09, 2017 7:09:53 PM de.learnlib.logging.LearnLogger logQuery
INFO: [ε | ClientHelloRSA ClientHelloDHE ClientKeyExchange / ε | Empty Empty Empty]
Dec 09, 2017 7:09:55 PM de.learnlib.logging.LearnLogger logQuery
INFO: [ε | ε / ε | ε]
Dec 09, 2017 7:09:55 PM de.learnlib.logging.LearnLogger logQuery
INFO: [ε | ClientHelloRSA / ε | Empty]
Dec 09, 2017 7:09:56 PM de.learnlib.logging.LearnLogger logQuery
INFO: [ε | ClientHelloRSA ClientHelloDHE ClientKeyExchange / ε | Empty Empty Empty]
Dec 09, 2017 7:09:58 PM de.learnlib.logging.LearnLogger logQuery
INFO: [ε | ε / ε | ε]
Dec 09, 2017 7:09:58 PM de.learnlib.logging.LearnLogger logQuery
INFO: [ε | ClientHelloRSA / ε | Empty]
Dec 09, 2017 7:09:58 PM de.learnlib.logging.LearnLogger logQuery
INFO: [ε | ClientHelloRSA ClientHelloDHE ClientKeyExchange / ε | Empty Empty Empty]
Dec 09, 2017 7:10:01 PM de.learnlib.logging.LearnLogger logQuery
INFO: [ε | ε / ε | ε]
Dec 09, 2017 7:10:01 PM de.learnlib.logging.LearnLogger logQuery
INFO: [ε | ClientHelloRSA / ε | Empty]
Dec 09, 2017 7:10:02 PM de.learnlib.logging.LearnLogger logQuery
INFO: [ε | ClientHelloRSA ClientHelloDHE ClientKeyExchange / ε | Empty Empty Empty]
Dec 09, 2017 7:10:06 PM de.learnlib.logging.LearnLogger logQuery
INFO: [ε | ε / ε | ε]
Dec 09, 2017 7:10:06 PM de.learnlib.logging.LearnLogger logQuery
INFO: [ε | ClientHelloRSA / ε | Empty]
Dec 09, 2017 7:10:06 PM de.learnlib.logging.LearnLogger logQuery
INFO: [ε | ClientHelloRSA ClientHelloDHE ClientKeyExchange / ε | Empty Empty Empty]
Dec 09, 2017 7:10:10 PM de.learnlib.logging.LearnLogger logQuery
INFO: [ε | ε / ε | ε]
Dec 09, 2017 7:10:10 PM de.learnlib.logging.LearnLogger logQuery
INFO: [ε | ClientHelloRSA / ε | Empty]
Dec 09, 2017 7:10:10 PM de.learnlib.logging.LearnLogger logQuery
INFO: [ε | ClientHelloRSA ClientHelloDHE ClientKeyExchange / ε | Empty Empty Empty]
Dec 09, 2017 7:10:14 PM de.learnlib.logging.LearnLogger logQuery
INFO: [ε | ε / ε | ε]
Dec 09, 2017 7:10:15 PM de.learnlib.logging.LearnLogger logQuery
INFO: [ε | ClientHelloRSA / ε | Empty]
Dec 09, 2017 7:10:16 PM de.learnlib.logging.LearnLogger logQuery
INFO: [ε | ClientHelloRSA ClientHelloDHE ClientKeyExchange / ε | Empty Empty Empty]
Dec 09, 2017 7:10:20 PM de.learnlib.logging.LearnLogger logQuery
INFO: [ε | ε / ε | ε]
Dec 09, 2017 7:10:20 PM de.learnlib.logging.LearnLogger logQuery
INFO: [ε | ClientHelloRSA / ε | Empty]
Dec 09, 2017 7:10:20 PM de.learnlib.logging.LearnLogger logQuery
INFO: [ε | ClientHelloRSA ClientHelloDHE ClientKeyExchange / ε | Empty Empty Empty]
Dec 09, 2017 7:10:33 PM de.learnlib.logging.LearnLogger logQuery
INFO: [ε | ε / ε | ε]
Dec 09, 2017 7:10:34 PM de.learnlib.logging.LearnLogger logQuery
INFO: [ε | ClientHelloRSA / ε | Empty]
Dec 09, 2017 7:10:34 PM de.learnlib.logging.LearnLogger logQuery
INFO: [ε | ClientHelloRSA ClientHelloDHE ClientKeyExchange / ε | Empty Empty Empty]
Dec 09, 2017 7:10:46 PM de.learnlib.logging.LearnLogger logQuery
INFO: [ε | ε / ε | ε]
Dec 09, 2017 7:10:47 PM de.learnlib.logging.LearnLogger logQuery
INFO: [ε | ClientHelloRSA / ε | Empty]
Dec 09, 2017 7:10:47 PM de.learnlib.logging.LearnLogger logQuery
INFO: [ε | ClientHelloRSA ClientHelloDHE ClientKeyExchange / ε | Empty Empty Empty]
Dec 09, 2017 7:10:54 PM de.learnlib.logging.LearnLogger logQuery
INFO: [ε | ε / ε | ε]
Dec 09, 2017 7:10:54 PM de.learnlib.logging.LearnLogger logQuery
INFO: [ε | ClientHelloRSA / ε | Empty]
Dec 09, 2017 7:10:54 PM de.learnlib.logging.LearnLogger logQuery
INFO: [ε | ClientHelloRSA ClientHelloDHE ClientKeyExchange / ε | Empty Empty Empty]
Dec 09, 2017 7:10:58 PM de.learnlib.logging.LearnLogger logQuery
INFO: [ε | ε / ε | ε]
Dec 09, 2017 7:10:58 PM de.learnlib.logging.LearnLogger logQuery
INFO: [ε | ClientHelloRSA / ε | Empty]
Dec 09, 2017 7:10:59 PM de.learnlib.logging.LearnLogger logQuery
INFO: [ε | ClientHelloRSA ClientHelloDHE ClientKeyExchange / ε | Empty Empty Empty]
Dec 09, 2017 7:11:05 PM de.learnlib.logging.LearnLogger logQuery
INFO: [ε | ε / ε | ε]
Dec 09, 2017 7:11:06 PM de.learnlib.logging.LearnLogger logQuery
INFO: [ε | ClientHelloRSA / ε | Empty]
Dec 09, 2017 7:11:07 PM de.learnlib.logging.LearnLogger logQuery
INFO: [ε | ClientHelloRSA ClientHelloDHE ClientKeyExchange / ε | Empty Empty Empty]
Dec 09, 2017 7:11:09 PM de.learnlib.logging.LearnLogger logQuery
INFO: [ε | ε / ε | ε]
Dec 09, 2017 7:11:09 PM de.learnlib.logging.LearnLogger logQuery
INFO: [ε | ClientHelloRSA / ε | Empty]
Dec 09, 2017 7:11:09 PM de.learnlib.logging.LearnLogger logQuery
INFO: [ε | ClientHelloRSA ClientHelloDHE ClientKeyExchange / ε | Empty Empty Empty]
Dec 09, 2017 7:11:20 PM de.learnlib.logging.LearnLogger logQuery
INFO: [ε | ε / ε | ε]
Dec 09, 2017 7:11:20 PM de.learnlib.logging.LearnLogger logQuery
INFO: [ε | ClientHelloRSA / ε | Empty]
Dec 09, 2017 7:11:20 PM de.learnlib.logging.LearnLogger logQuery
INFO: [ε | ClientHelloRSA ClientHelloDHE ClientKeyExchange / ε | Empty Empty Empty]
Dec 09, 2017 7:11:26 PM de.learnlib.logging.LearnLogger logQuery
INFO: [ε | ε / ε | ε]
Dec 09, 2017 7:11:27 PM de.learnlib.logging.LearnLogger logQuery
INFO: [ε | ClientHelloRSA / ε | Empty]
Dec 09, 2017 7:11:29 PM de.learnlib.logging.LearnLogger logQuery
INFO: [ε | ClientHelloRSA ClientHelloDHE ClientKeyExchange / ε | Empty Empty Empty]
Dec 09, 2017 7:18:49 PM de.learnlib.logging.LearnLogger logQuery
INFO: [ε | ε / ε | ε]
Dec 09, 2017 7:18:58 PM de.learnlib.logging.LearnLogger logQuery
INFO: [ε | ClientHelloRSA / ε | Empty]
Dec 09, 2017 7:19:00 PM de.learnlib.logging.LearnLogger logQuery
INFO: [ε | ClientHelloRSA ClientHelloDHE ClientKeyExchange / ε | Empty Empty Empty]
Dec 09, 2017 7:20:49 PM de.learnlib.logging.LearnLogger logQuery
INFO: [ε | ε / ε | ε]
Dec 09, 2017 7:20:50 PM de.learnlib.logging.LearnLogger logQuery
INFO: [ε | ClientHelloRSA / ε | Empty]
Dec 09, 2017 7:20:52 PM de.learnlib.logging.LearnLogger logQuery
INFO: [ε | ClientHelloRSA ClientHelloDHE ClientKeyExchange / ε | Empty Empty Empty]
Dec 09, 2017 7:21:37 PM de.learnlib.logging.LearnLogger logQuery
INFO: [ε | ε / ε | ε]
Dec 09, 2017 7:21:37 PM de.learnlib.logging.LearnLogger logQuery
INFO: [ε | ClientHelloRSA / ε | Empty]
Dec 09, 2017 7:21:37 PM de.learnlib.logging.LearnLogger logQuery
INFO: [ε | ClientHelloRSA ClientHelloDHE ClientKeyExchange / ε | Empty Empty Empty]
Dec 09, 2017 7:21:46 PM de.learnlib.logging.LearnLogger logQuery
INFO: [ε | ε / ε | ε]
Dec 09, 2017 7:21:46 PM de.learnlib.logging.LearnLogger logQuery
INFO: [ε | ClientHelloRSA / ε | Empty]
Dec 09, 2017 7:21:46 PM de.learnlib.logging.LearnLogger logQuery
INFO: [ε | ClientHelloRSA ClientHelloDHE ClientKeyExchange / ε | Empty Empty Empty]
Dec 09, 2017 7:21:57 PM de.learnlib.logging.LearnLogger logQuery
INFO: [ε | ε / ε | ε]
Dec 09, 2017 7:21:58 PM de.learnlib.logging.LearnLogger logQuery
INFO: [ε | ClientHelloRSA / ε | Empty]
Dec 09, 2017 7:21:59 PM de.learnlib.logging.LearnLogger logQuery
INFO: [ε | ClientHelloRSA ClientHelloDHE ClientKeyExchange / ε | Empty Empty Empty]
Dec 09, 2017 7:22:12 PM de.learnlib.logging.LearnLogger logQuery
INFO: [ε | ε / ε | ε]
Dec 09, 2017 7:22:27 PM de.learnlib.logging.LearnLogger logQuery
INFO: [ε | ClientHelloRSA / ε | Empty]
Dec 09, 2017 7:22:28 PM de.learnlib.logging.LearnLogger logQuery
INFO: [ε | ClientHelloRSA ClientHelloDHE ClientKeyExchange / ε | Empty Empty Empty]
Dec 09, 2017 7:23:57 PM de.learnlib.logging.LearnLogger logQuery
INFO: [ε | ε / ε | ε]
Dec 09, 2017 7:23:59 PM de.learnlib.logging.LearnLogger logQuery
INFO: [ε | ClientHelloRSA / ε | Empty]
Dec 09, 2017 7:23:59 PM de.learnlib.logging.LearnLogger logQuery
INFO: [ε | ClientHelloRSA ClientHelloDHE ClientKeyExchange / ε | Empty Empty Empty]
Dec 09, 2017 7:24:52 PM de.learnlib.logging.LearnLogger logQuery
INFO: [ε | ε / ε | ε]
Dec 09, 2017 7:24:52 PM de.learnlib.logging.LearnLogger logQuery
INFO: [ε | ClientHelloRSA / ε | Empty]
Dec 09, 2017 7:24:53 PM de.learnlib.logging.LearnLogger logQuery
INFO: [ε | ClientHelloRSA ClientHelloDHE ClientKeyExchange / ε | Empty Empty Empty]
Dec 09, 2017 7:25:01 PM de.learnlib.logging.LearnLogger logQuery
INFO: [ε | ε / ε | ε]
Dec 09, 2017 7:25:02 PM de.learnlib.logging.LearnLogger logQuery
INFO: [ε | ClientHelloRSA / ε | HandshakeServerHelloTLSv12HandshakeCertificateHandshakeServerHelloDone]
Dec 09, 2017 7:25:11 PM de.learnlib.logging.LearnLogger logQuery
INFO: [ε | ε / ε | ε]
Dec 09, 2017 7:25:11 PM de.learnlib.logging.LearnLogger logQuery
INFO: [ε | ClientHelloRSA / ε | HandshakeServerHelloTLSv12HandshakeCertificateHandshakeServerHelloDone]
Dec 09, 2017 7:25:22 PM de.learnlib.logging.LearnLogger logQuery
INFO: [ε | ε / ε | ε]
Dec 09, 2017 7:25:22 PM de.learnlib.logging.LearnLogger logQuery
INFO: [ε | ClientHelloRSA / ε | HandshakeServerHelloTLSv12HandshakeCertificateHandshakeServerHelloDone]
Dec 09, 2017 7:25:33 PM de.learnlib.logging.LearnLogger logQuery
INFO: [ε | ε / ε | ε]
Dec 09, 2017 7:25:33 PM de.learnlib.logging.LearnLogger logQuery
INFO: [ε | ClientHelloRSA / ε | Empty]
Dec 09, 2017 7:25:33 PM de.learnlib.logging.LearnLogger logQuery
INFO: [ε | ClientHelloRSA ClientHelloDHE ClientKeyExchange / ε | Empty Empty Empty]
Dec 09, 2017 7:25:43 PM de.learnlib.logging.LearnLogger logQuery
INFO: [ε | ε / ε | ε]
Dec 09, 2017 7:25:43 PM de.learnlib.logging.LearnLogger logQuery
INFO: [ε | ClientHelloRSA / ε | Empty]
Dec 09, 2017 7:25:44 PM de.learnlib.logging.LearnLogger logQuery
INFO: [ε | ClientHelloRSA ClientHelloDHE ClientKeyExchange / ε | Empty Empty Empty]
Dec 09, 2017 7:25:57 PM de.learnlib.logging.LearnLogger logQuery
INFO: [ε | ε / ε | ε]
Dec 09, 2017 7:25:57 PM de.learnlib.logging.LearnLogger logQuery
INFO: [ε | ClientHelloRSA / ε | Empty]
Dec 09, 2017 7:25:57 PM de.learnlib.logging.LearnLogger logQuery
INFO: [ε | ClientHelloRSA ClientHelloDHE ClientKeyExchange / ε | Empty Empty Empty]
Dec 09, 2017 7:26:11 PM de.learnlib.logging.LearnLogger logQuery
INFO: [ε | ε / ε | ε]
Dec 09, 2017 7:26:11 PM de.learnlib.logging.LearnLogger logQuery
INFO: [ε | ClientHelloRSA / ε | Empty]
Dec 09, 2017 7:26:12 PM de.learnlib.logging.LearnLogger logQuery
INFO: [ε | ClientHelloRSA ClientHelloDHE ClientKeyExchange / ε | Empty Empty Empty]
Dec 09, 2017 7:26:44 PM de.learnlib.logging.LearnLogger logQuery
INFO: [ε | ε / ε | ε]
Dec 09, 2017 7:26:44 PM de.learnlib.logging.LearnLogger logQuery
INFO: [ε | ClientHelloRSA / ε | Empty]
Dec 09, 2017 7:26:45 PM de.learnlib.logging.LearnLogger logQuery
INFO: [ε | ClientHelloRSA ClientHelloDHE ClientKeyExchange / ε | Empty Empty Empty]
Dec 09, 2017 7:26:59 PM de.learnlib.logging.LearnLogger logQuery
INFO: [ε | ε / ε | ε]
Dec 09, 2017 7:27:00 PM de.learnlib.logging.LearnLogger logQuery
INFO: [ε | ClientHelloRSA / ε | Empty]
Dec 09, 2017 7:27:00 PM de.learnlib.logging.LearnLogger logQuery
INFO: [ε | ClientHelloRSA ClientHelloDHE ClientKeyExchange / ε | Empty Empty Empty]
Dec 09, 2017 7:27:27 PM de.learnlib.logging.LearnLogger logQuery
INFO: [ε | ε / ε | ε]
Dec 09, 2017 7:27:28 PM de.learnlib.logging.LearnLogger logQuery
INFO: [ε | ClientHelloRSA / ε | Empty]
Dec 09, 2017 7:27:28 PM de.learnlib.logging.LearnLogger logQuery
INFO: [ε | ClientHelloRSA ClientHelloDHE ClientKeyExchange / ε | Empty Empty Empty]
Dec 09, 2017 7:27:52 PM de.learnlib.logging.LearnLogger logQuery
INFO: [ε | ε / ε | ε]
Dec 09, 2017 7:27:52 PM de.learnlib.logging.LearnLogger logQuery
INFO: [ε | ClientHelloRSA / ε | Empty]
Dec 09, 2017 7:27:53 PM de.learnlib.logging.LearnLogger logQuery
INFO: [ε | ClientHelloRSA ClientHelloDHE ClientKeyExchange / ε | Empty Empty Empty]
Dec 09, 2017 7:28:13 PM de.learnlib.logging.LearnLogger logQuery
INFO: [ε | ε / ε | ε]
Dec 09, 2017 7:28:16 PM de.learnlib.logging.LearnLogger logQuery
INFO: [ε | ClientHelloRSA / ε | Empty]
Dec 09, 2017 7:28:16 PM de.learnlib.logging.LearnLogger logQuery
INFO: [ε | ClientHelloRSA ClientHelloDHE ClientKeyExchange / ε | Empty Empty Empty]
Dec 09, 2017 7:28:28 PM de.learnlib.logging.LearnLogger logQuery
INFO: [ε | ε / ε | ε]
Dec 09, 2017 7:28:28 PM de.learnlib.logging.LearnLogger logQuery
INFO: [ε | ClientHelloRSA / ε | Empty]
Dec 09, 2017 7:28:28 PM de.learnlib.logging.LearnLogger logQuery
INFO: [ε | ClientHelloRSA ClientHelloDHE ClientKeyExchange / ε | Empty Empty Empty]
Dec 09, 2017 7:37:55 PM de.learnlib.logging.LearnLogger logQuery
INFO: [ε | ε / ε | ε]
Dec 09, 2017 7:38:26 PM de.learnlib.logging.LearnLogger logQuery
INFO: [ε | ClientHelloRSA / ε | Empty]
Dec 09, 2017 7:38:29 PM de.learnlib.logging.LearnLogger logQuery
INFO: [ε | ClientHelloRSA ClientHelloDHE ClientKeyExchange / ε | Empty Empty Empty]
Dec 09, 2017 7:39:24 PM de.learnlib.logging.LearnLogger logQuery
INFO: [ε | ε / ε | ε]
Dec 09, 2017 7:39:24 PM de.learnlib.logging.LearnLogger logQuery
INFO: [ε | ClientHelloRSA / ε | Empty]
Dec 09, 2017 7:39:24 PM de.learnlib.logging.LearnLogger logQuery
INFO: [ε | ClientHelloRSA ClientHelloDHE ClientKeyExchange / ε | Empty Empty Empty]
Dec 09, 2017 7:39:40 PM de.learnlib.logging.LearnLogger logQuery
INFO: [ε | ε / ε | ε]
Dec 09, 2017 7:39:41 PM de.learnlib.logging.LearnLogger logQuery
INFO: [ε | ClientHelloRSA / ε | HandshakeServerHelloTLSv12HandshakeCertificateHandshakeServerHelloDone]
Dec 09, 2017 7:42:07 PM de.learnlib.logging.LearnLogger logQuery
INFO: [ε | ε / ε | ε]
Dec 09, 2017 7:42:08 PM de.learnlib.logging.LearnLogger logQuery
INFO: [ε | ClientHelloRSA / ε | Empty]
Dec 09, 2017 7:42:09 PM de.learnlib.logging.LearnLogger logQuery
INFO: [ε | ClientHelloRSA ClientHelloDHE ClientKeyExchange / ε | Empty Empty Empty]
Dec 09, 2017 7:44:43 PM de.learnlib.logging.LearnLogger logQuery
INFO: [ε | ε / ε | ε]
Dec 09, 2017 7:44:45 PM de.learnlib.logging.LearnLogger logQuery
INFO: [ε | ClientHelloRSA / ε | Empty]
Dec 09, 2017 7:44:46 PM de.learnlib.logging.LearnLogger logQuery
INFO: [ε | ClientHelloRSA ClientHelloDHE ClientKeyExchange / ε | Empty Empty Empty]
Dec 09, 2017 7:46:55 PM de.learnlib.logging.LearnLogger logQuery
INFO: [ε | ε / ε | ε]
Dec 09, 2017 7:46:57 PM de.learnlib.logging.LearnLogger logQuery
INFO: [ε | ClientHelloRSA / ε | Empty]
Dec 09, 2017 7:46:58 PM de.learnlib.logging.LearnLogger logQuery
INFO: [ε | ClientHelloRSA ClientHelloDHE ClientKeyExchange / ε | Empty Empty Empty]
Dec 09, 2017 7:49:47 PM de.learnlib.logging.LearnLogger logQuery
INFO: [ε | ε / ε | ε]
Dec 09, 2017 7:49:52 PM de.learnlib.logging.LearnLogger logQuery
INFO: [ε | ClientHelloRSA / ε | Empty]
Dec 09, 2017 7:49:53 PM de.learnlib.logging.LearnLogger logQuery
INFO: [ε | ClientHelloRSA ClientHelloDHE ClientKeyExchange / ε | Empty Empty Empty]
Dec 09, 2017 7:54:13 PM de.learnlib.logging.LearnLogger logQuery
INFO: [ε | ε / ε | ε]
Dec 09, 2017 7:54:23 PM de.learnlib.logging.LearnLogger logQuery
INFO: [ε | ClientHelloRSA / ε | Empty]
Dec 09, 2017 7:54:25 PM de.learnlib.logging.LearnLogger logQuery
INFO: [ε | ClientHelloRSA ClientHelloDHE ClientKeyExchange / ε | Empty Empty Empty]
Dec 09, 2017 7:56:59 PM de.learnlib.logging.LearnLogger logQuery
INFO: [ε | ε / ε | ε]
Dec 09, 2017 7:57:02 PM de.learnlib.logging.LearnLogger logQuery
INFO: [ε | ClientHelloRSA / ε | Empty]
Dec 09, 2017 7:57:04 PM de.learnlib.logging.LearnLogger logQuery
INFO: [ε | ClientHelloRSA ClientHelloDHE ClientKeyExchange / ε | Empty Empty Empty]
Dec 09, 2017 7:59:09 PM de.learnlib.logging.LearnLogger logQuery
INFO: [ε | ε / ε | ε]
Dec 09, 2017 7:59:11 PM de.learnlib.logging.LearnLogger logQuery
INFO: [ε | ClientHelloRSA / ε | Empty]
Dec 09, 2017 7:59:11 PM de.learnlib.logging.LearnLogger logQuery
INFO: [ε | ClientHelloRSA ClientHelloDHE ClientKeyExchange / ε | Empty Empty Empty]
Dec 09, 2017 7:59:57 PM de.learnlib.logging.LearnLogger logQuery
INFO: [ε | ε / ε | ε]
Dec 09, 2017 7:59:57 PM de.learnlib.logging.LearnLogger logQuery
INFO: [ε | ClientHelloRSA / ε | Empty]
Dec 09, 2017 7:59:58 PM de.learnlib.logging.LearnLogger logQuery
INFO: [ε | ClientHelloRSA ClientHelloDHE ClientKeyExchange / ε | Empty Empty Empty]
Dec 09, 2017 8:00:27 PM de.learnlib.logging.LearnLogger logQuery
INFO: [ε | ε / ε | ε]
Dec 09, 2017 8:00:27 PM de.learnlib.logging.LearnLogger logQuery
INFO: [ε | ClientHelloRSA / ε | Empty]
Dec 09, 2017 8:00:28 PM de.learnlib.logging.LearnLogger logQuery
INFO: [ε | ClientHelloRSA ClientHelloDHE ClientKeyExchange / ε | Empty Empty Empty]
Dec 09, 2017 8:02:42 PM de.learnlib.logging.LearnLogger logQuery
INFO: [ε | ε / ε | ε]
Dec 09, 2017 8:02:45 PM de.learnlib.logging.LearnLogger logQuery
INFO: [ε | ClientHelloRSA / ε | Empty]
Dec 09, 2017 8:02:45 PM de.learnlib.logging.LearnLogger logQuery
INFO: [ε | ClientHelloRSA ClientHelloDHE ClientKeyExchange / ε | Empty Empty Empty]
Dec 09, 2017 8:03:13 PM de.learnlib.logging.LearnLogger logQuery
INFO: [ε | ε / ε | ε]
Dec 09, 2017 8:03:13 PM de.learnlib.logging.LearnLogger logQuery
INFO: [ε | ClientHelloRSA / ε | Empty]
Dec 09, 2017 8:03:14 PM de.learnlib.logging.LearnLogger logQuery
INFO: [ε | ClientHelloRSA ClientHelloDHE ClientKeyExchange / ε | Empty Empty Empty]
Dec 09, 2017 8:06:41 PM de.learnlib.logging.LearnLogger logQuery
INFO: [ε | ε / ε | ε]
Dec 09, 2017 8:06:42 PM de.learnlib.logging.LearnLogger logQuery
INFO: [ε | ClientHelloRSA / ε | Empty]
Dec 09, 2017 8:06:43 PM de.learnlib.logging.LearnLogger logQuery
INFO: [ε | ClientHelloRSA ClientHelloDHE ClientKeyExchange / ε | Empty Empty Empty]
Dec 09, 2017 8:08:34 PM de.learnlib.logging.LearnLogger logQuery
INFO: [ε | ε / ε | ε]
Dec 09, 2017 8:08:35 PM de.learnlib.logging.LearnLogger logQuery
INFO: [ε | ClientHelloRSA / ε | Empty]
Dec 09, 2017 8:08:36 PM de.learnlib.logging.LearnLogger logQuery
INFO: [ε | ClientHelloRSA ClientHelloDHE ClientKeyExchange / ε | Empty Empty Empty]
Dec 09, 2017 8:36:54 PM de.learnlib.logging.LearnLogger logQuery
INFO: [ε | ε / ε | ε]
Dec 09, 2017 8:37:31 PM de.learnlib.logging.LearnLogger logQuery
INFO: [ε | ClientHelloRSA / ε | Empty]
Dec 09, 2017 8:37:36 PM de.learnlib.logging.LearnLogger logQuery
INFO: [ε | ClientHelloRSA ClientHelloDHE ClientKeyExchange / ε | Empty Empty Empty]
Dec 09, 2017 8:44:31 PM de.learnlib.logging.LearnLogger logQuery
INFO: [ε | ε / ε | ε]
Dec 09, 2017 8:44:34 PM de.learnlib.logging.LearnLogger logQuery
INFO: [ε | ClientHelloRSA / ε | Empty]
Dec 09, 2017 8:44:35 PM de.learnlib.logging.LearnLogger logQuery
INFO: [ε | ClientHelloRSA ClientHelloDHE ClientKeyExchange / ε | Empty Empty Empty]
Dec 09, 2017 8:48:36 PM de.learnlib.logging.LearnLogger logQuery
INFO: [ε | ε / ε | ε]
Dec 09, 2017 8:48:37 PM de.learnlib.logging.LearnLogger logQuery
INFO: [ε | ClientHelloRSA / ε | Empty]
Dec 09, 2017 8:48:38 PM de.learnlib.logging.LearnLogger logQuery
INFO: [ε | ClientHelloRSA ClientHelloDHE ClientKeyExchange / ε | Empty Empty Empty]
Dec 09, 2017 8:51:46 PM de.learnlib.logging.LearnLogger logQuery
INFO: [ε | ε / ε | ε]
Dec 09, 2017 8:51:56 PM de.learnlib.logging.LearnLogger logQuery
INFO: [ε | ClientHelloRSA / ε | Empty]
Dec 09, 2017 8:51:57 PM de.learnlib.logging.LearnLogger logQuery
INFO: [ε | ClientHelloRSA ClientHelloDHE ClientKeyExchange / ε | Empty Empty Empty]
Dec 09, 2017 8:54:52 PM de.learnlib.logging.LearnLogger logQuery
INFO: [ε | ε / ε | ε]
Dec 09, 2017 8:54:57 PM de.learnlib.logging.LearnLogger logQuery
INFO: [ε | ClientHelloRSA / ε | Empty]
Dec 09, 2017 8:54:59 PM de.learnlib.logging.LearnLogger logQuery
INFO: [ε | ClientHelloRSA ClientHelloDHE ClientKeyExchange / ε | Empty Empty Empty]
Dec 09, 2017 9:21:13 PM de.learnlib.logging.LearnLogger logQuery
INFO: [ε | ε / ε | ε]
Dec 09, 2017 9:21:44 PM de.learnlib.logging.LearnLogger logQuery
INFO: [ε | ClientHelloRSA / ε | Empty]
Dec 09, 2017 9:21:49 PM de.learnlib.logging.LearnLogger logQuery
INFO: [ε | ClientHelloRSA ClientHelloDHE ClientKeyExchange / ε | Empty Empty Empty]
Dec 09, 2017 9:25:02 PM de.learnlib.logging.LearnLogger logQuery
INFO: [ε | ε / ε | ε]
Dec 09, 2017 9:25:05 PM de.learnlib.logging.LearnLogger logQuery
INFO: [ε | ClientHelloRSA / ε | Empty]
Dec 09, 2017 9:25:06 PM de.learnlib.logging.LearnLogger logQuery
INFO: [ε | ClientHelloRSA ClientHelloDHE ClientKeyExchange / ε | Empty Empty Empty]
Dec 09, 2017 9:27:13 PM de.learnlib.logging.LearnLogger logQuery
INFO: [ε | ε / ε | ε]
Dec 09, 2017 9:27:16 PM de.learnlib.logging.LearnLogger logQuery
INFO: [ε | ClientHelloRSA / ε | Empty]
Dec 09, 2017 9:27:16 PM de.learnlib.logging.LearnLogger logQuery
INFO: [ε | ClientHelloRSA ClientHelloDHE ClientKeyExchange / ε | Empty Empty Empty]
Dec 09, 2017 9:28:41 PM de.learnlib.logging.LearnLogger logQuery
INFO: [ε | ε / ε | ε]
Dec 09, 2017 9:28:44 PM de.learnlib.logging.LearnLogger logQuery
INFO: [ε | ClientHelloRSA / ε | Empty]
Dec 09, 2017 9:28:45 PM de.learnlib.logging.LearnLogger logQuery
INFO: [ε | ClientHelloRSA ClientHelloDHE ClientKeyExchange / ε | Empty Empty Empty]
Dec 09, 2017 9:40:43 PM de.learnlib.logging.LearnLogger logQuery
INFO: [ε | ε / ε | ε]
Dec 09, 2017 9:41:42 PM de.learnlib.logging.LearnLogger logQuery
INFO: [ε | ClientHelloRSA / ε | Empty]
Dec 09, 2017 9:41:56 PM de.learnlib.logging.LearnLogger logQuery
INFO: [ε | ClientHelloRSA ClientHelloDHE ClientKeyExchange / ε | Empty Empty Empty]
Dec 09, 2017 9:46:30 PM de.learnlib.logging.LearnLogger logQuery
INFO: [ε | ε / ε | ε]
Dec 09, 2017 9:46:36 PM de.learnlib.logging.LearnLogger logQuery
INFO: [ε | ClientHelloRSA / ε | Empty]
Dec 09, 2017 9:46:42 PM de.learnlib.logging.LearnLogger logQuery
INFO: [ε | ClientHelloRSA ClientHelloDHE ClientKeyExchange / ε | Empty Empty Empty]
Dec 09, 2017 10:13:57 PM de.learnlib.logging.LearnLogger logQuery
INFO: [ε | ε / ε | ε]
Dec 09, 2017 10:14:29 PM de.learnlib.logging.LearnLogger logQuery
INFO: [ε | ClientHelloRSA / ε | Empty]
Dec 09, 2017 10:14:45 PM de.learnlib.logging.LearnLogger logQuery
INFO: [ε | ClientHelloRSA ClientHelloDHE ClientKeyExchange / ε | Empty Empty Empty]
