Dec 09, 2017 2:11:30 PM nl.cypherpunk.statelearner.Learner <init>
INFO: Using TLS SUL
Dec 09, 2017 2:11:35 PM nl.cypherpunk.statelearner.Learner learn
INFO: Using learning algorithm ExtensibleLStarMealy
Dec 09, 2017 2:11:35 PM nl.cypherpunk.statelearner.Learner learn
INFO: Using equivalence algorithm MealyModifiedWMethodEQOracle
Dec 09, 2017 2:11:35 PM nl.cypherpunk.statelearner.Learner learn
INFO: Starting learning
Dec 09, 2017 2:11:35 PM de.learnlib.logging.LearnLogger logPhase
INFO: Starting round 1
Dec 09, 2017 7:09:31 PM de.learnlib.logging.LearnLogger logCounterexample
INFO: Counter-example found: Query[ε|ClientHelloRSA ClientHelloDHE ClientKeyExchange / Empty Empty Empty]
Dec 09, 2017 7:09:31 PM de.learnlib.logging.LearnLogger logPhase
INFO: Starting round 2
Dec 09, 2017 7:09:38 PM de.learnlib.logging.LearnLogger logCounterexample
INFO: Counter-example found: Query[ε|ClientHelloRSA ClientHelloDHE ClientKeyExchange / Empty Empty Empty]
Dec 09, 2017 7:09:38 PM de.learnlib.logging.LearnLogger logPhase
INFO: Starting round 3
Dec 09, 2017 7:09:40 PM de.learnlib.logging.LearnLogger logCounterexample
INFO: Counter-example found: Query[ε|ClientHelloRSA ClientHelloDHE ClientKeyExchange / Empty Empty Empty]
Dec 09, 2017 7:09:40 PM de.learnlib.logging.LearnLogger logPhase
INFO: Starting round 4
Dec 09, 2017 7:09:43 PM de.learnlib.logging.LearnLogger logCounterexample
INFO: Counter-example found: Query[ε|ClientHelloRSA ClientHelloDHE ClientKeyExchange / Empty Empty Empty]
Dec 09, 2017 7:09:43 PM de.learnlib.logging.LearnLogger logPhase
INFO: Starting round 5
Dec 09, 2017 7:09:45 PM de.learnlib.logging.LearnLogger logCounterexample
INFO: Counter-example found: Query[ε|ClientHelloRSA ClientHelloDHE ClientKeyExchange / Empty Empty Empty]
Dec 09, 2017 7:09:45 PM de.learnlib.logging.LearnLogger logPhase
INFO: Starting round 6
Dec 09, 2017 7:09:49 PM de.learnlib.logging.LearnLogger logCounterexample
INFO: Counter-example found: Query[ε|ClientHelloRSA ClientHelloDHE ClientKeyExchange / Empty Empty Empty]
Dec 09, 2017 7:09:49 PM de.learnlib.logging.LearnLogger logPhase
INFO: Starting round 7
Dec 09, 2017 7:09:53 PM de.learnlib.logging.LearnLogger logCounterexample
INFO: Counter-example found: Query[ε|ClientHelloRSA ClientHelloDHE ClientKeyExchange / Empty Empty Empty]
Dec 09, 2017 7:09:53 PM de.learnlib.logging.LearnLogger logPhase
INFO: Starting round 8
Dec 09, 2017 7:09:56 PM de.learnlib.logging.LearnLogger logCounterexample
INFO: Counter-example found: Query[ε|ClientHelloRSA ClientHelloDHE ClientKeyExchange / Empty Empty Empty]
Dec 09, 2017 7:09:56 PM de.learnlib.logging.LearnLogger logPhase
INFO: Starting round 9
Dec 09, 2017 7:09:58 PM de.learnlib.logging.LearnLogger logCounterexample
INFO: Counter-example found: Query[ε|ClientHelloRSA ClientHelloDHE ClientKeyExchange / Empty Empty Empty]
Dec 09, 2017 7:09:58 PM de.learnlib.logging.LearnLogger logPhase
INFO: Starting round 10
Dec 09, 2017 7:10:02 PM de.learnlib.logging.LearnLogger logCounterexample
INFO: Counter-example found: Query[ε|ClientHelloRSA ClientHelloDHE ClientKeyExchange / Empty Empty Empty]
Dec 09, 2017 7:10:02 PM de.learnlib.logging.LearnLogger logPhase
INFO: Starting round 11
Dec 09, 2017 7:10:06 PM de.learnlib.logging.LearnLogger logCounterexample
INFO: Counter-example found: Query[ε|ClientHelloRSA ClientHelloDHE ClientKeyExchange / Empty Empty Empty]
Dec 09, 2017 7:10:06 PM de.learnlib.logging.LearnLogger logPhase
INFO: Starting round 12
Dec 09, 2017 7:10:10 PM de.learnlib.logging.LearnLogger logCounterexample
INFO: Counter-example found: Query[ε|ClientHelloRSA ClientHelloDHE ClientKeyExchange / Empty Empty Empty]
Dec 09, 2017 7:10:10 PM de.learnlib.logging.LearnLogger logPhase
INFO: Starting round 13
Dec 09, 2017 7:10:16 PM de.learnlib.logging.LearnLogger logCounterexample
INFO: Counter-example found: Query[ε|ClientHelloRSA ClientHelloDHE ClientKeyExchange / Empty Empty Empty]
Dec 09, 2017 7:10:16 PM de.learnlib.logging.LearnLogger logPhase
INFO: Starting round 14
Dec 09, 2017 7:10:20 PM de.learnlib.logging.LearnLogger logCounterexample
INFO: Counter-example found: Query[ε|ClientHelloRSA ClientHelloDHE ClientKeyExchange / Empty Empty Empty]
Dec 09, 2017 7:10:20 PM de.learnlib.logging.LearnLogger logPhase
INFO: Starting round 15
Dec 09, 2017 7:10:34 PM de.learnlib.logging.LearnLogger logCounterexample
INFO: Counter-example found: Query[ε|ClientHelloRSA ClientHelloDHE ClientKeyExchange / Empty Empty Empty]
Dec 09, 2017 7:10:36 PM de.learnlib.logging.LearnLogger logPhase
INFO: Starting round 16
Dec 09, 2017 7:10:47 PM de.learnlib.logging.LearnLogger logCounterexample
INFO: Counter-example found: Query[ε|ClientHelloRSA ClientHelloDHE ClientKeyExchange / Empty Empty Empty]
Dec 09, 2017 7:10:47 PM de.learnlib.logging.LearnLogger logPhase
INFO: Starting round 17
Dec 09, 2017 7:10:54 PM de.learnlib.logging.LearnLogger logCounterexample
INFO: Counter-example found: Query[ε|ClientHelloRSA ClientHelloDHE ClientKeyExchange / Empty Empty Empty]
Dec 09, 2017 7:10:54 PM de.learnlib.logging.LearnLogger logPhase
INFO: Starting round 18
Dec 09, 2017 7:10:59 PM de.learnlib.logging.LearnLogger logCounterexample
INFO: Counter-example found: Query[ε|ClientHelloRSA ClientHelloDHE ClientKeyExchange / Empty Empty Empty]
Dec 09, 2017 7:10:59 PM de.learnlib.logging.LearnLogger logPhase
INFO: Starting round 19
Dec 09, 2017 7:11:07 PM de.learnlib.logging.LearnLogger logCounterexample
INFO: Counter-example found: Query[ε|ClientHelloRSA ClientHelloDHE ClientKeyExchange / Empty Empty Empty]
Dec 09, 2017 7:11:07 PM de.learnlib.logging.LearnLogger logPhase
INFO: Starting round 20
Dec 09, 2017 7:11:09 PM de.learnlib.logging.LearnLogger logCounterexample
INFO: Counter-example found: Query[ε|ClientHelloRSA ClientHelloDHE ClientKeyExchange / Empty Empty Empty]
Dec 09, 2017 7:11:09 PM de.learnlib.logging.LearnLogger logPhase
INFO: Starting round 21
Dec 09, 2017 7:11:20 PM de.learnlib.logging.LearnLogger logCounterexample
INFO: Counter-example found: Query[ε|ClientHelloRSA ClientHelloDHE ClientKeyExchange / Empty Empty Empty]
Dec 09, 2017 7:11:20 PM de.learnlib.logging.LearnLogger logPhase
INFO: Starting round 22
Dec 09, 2017 7:11:31 PM de.learnlib.logging.LearnLogger logCounterexample
INFO: Counter-example found: Query[ε|ClientHelloRSA ClientHelloDHE ClientKeyExchange / Empty Empty Empty]
Dec 09, 2017 7:14:17 PM de.learnlib.logging.LearnLogger logPhase
INFO: Starting round 23
Dec 09, 2017 7:19:01 PM de.learnlib.logging.LearnLogger logCounterexample
INFO: Counter-example found: Query[ε|ClientHelloRSA ClientHelloDHE ClientKeyExchange / Empty Empty Empty]
Dec 09, 2017 7:19:01 PM de.learnlib.logging.LearnLogger logPhase
INFO: Starting round 24
Dec 09, 2017 7:20:52 PM de.learnlib.logging.LearnLogger logCounterexample
INFO: Counter-example found: Query[ε|ClientHelloRSA ClientHelloDHE ClientKeyExchange / Empty Empty Empty]
Dec 09, 2017 7:20:52 PM de.learnlib.logging.LearnLogger logPhase
INFO: Starting round 25
Dec 09, 2017 7:21:37 PM de.learnlib.logging.LearnLogger logCounterexample
INFO: Counter-example found: Query[ε|ClientHelloRSA ClientHelloDHE ClientKeyExchange / Empty Empty Empty]
Dec 09, 2017 7:21:37 PM de.learnlib.logging.LearnLogger logPhase
INFO: Starting round 26
Dec 09, 2017 7:21:46 PM de.learnlib.logging.LearnLogger logCounterexample
INFO: Counter-example found: Query[ε|ClientHelloRSA ClientHelloDHE ClientKeyExchange / Empty Empty Empty]
Dec 09, 2017 7:21:46 PM de.learnlib.logging.LearnLogger logPhase
INFO: Starting round 27
Dec 09, 2017 7:21:59 PM de.learnlib.logging.LearnLogger logCounterexample
INFO: Counter-example found: Query[ε|ClientHelloRSA ClientHelloDHE ClientKeyExchange / Empty Empty Empty]
Dec 09, 2017 7:21:59 PM de.learnlib.logging.LearnLogger logPhase
INFO: Starting round 28
Dec 09, 2017 7:22:28 PM de.learnlib.logging.LearnLogger logCounterexample
INFO: Counter-example found: Query[ε|ClientHelloRSA ClientHelloDHE ClientKeyExchange / Empty Empty Empty]
Dec 09, 2017 7:22:28 PM de.learnlib.logging.LearnLogger logPhase
INFO: Starting round 29
Dec 09, 2017 7:23:59 PM de.learnlib.logging.LearnLogger logCounterexample
INFO: Counter-example found: Query[ε|ClientHelloRSA ClientHelloDHE ClientKeyExchange / Empty Empty Empty]
Dec 09, 2017 7:24:00 PM de.learnlib.logging.LearnLogger logPhase
INFO: Starting round 30
Dec 09, 2017 7:24:53 PM de.learnlib.logging.LearnLogger logCounterexample
INFO: Counter-example found: Query[ε|ClientHelloRSA ClientHelloDHE ClientKeyExchange / Empty Empty Empty]
Dec 09, 2017 7:24:53 PM de.learnlib.logging.LearnLogger logPhase
INFO: Starting round 31
Dec 09, 2017 7:25:02 PM de.learnlib.logging.LearnLogger logCounterexample
INFO: Counter-example found: Query[ε|ClientHelloRSA / HandshakeServerHelloTLSv12HandshakeCertificateHandshakeServerHelloDone]
Dec 09, 2017 7:25:02 PM de.learnlib.logging.LearnLogger logPhase
INFO: Starting round 32
Dec 09, 2017 7:25:11 PM de.learnlib.logging.LearnLogger logCounterexample
INFO: Counter-example found: Query[ε|ClientHelloRSA / HandshakeServerHelloTLSv12HandshakeCertificateHandshakeServerHelloDone]
Dec 09, 2017 7:25:11 PM de.learnlib.logging.LearnLogger logPhase
INFO: Starting round 33
Dec 09, 2017 7:25:22 PM de.learnlib.logging.LearnLogger logCounterexample
INFO: Counter-example found: Query[ε|ClientHelloRSA / HandshakeServerHelloTLSv12HandshakeCertificateHandshakeServerHelloDone]
Dec 09, 2017 7:25:22 PM de.learnlib.logging.LearnLogger logPhase
INFO: Starting round 34
Dec 09, 2017 7:25:33 PM de.learnlib.logging.LearnLogger logCounterexample
INFO: Counter-example found: Query[ε|ClientHelloRSA ClientHelloDHE ClientKeyExchange / Empty Empty Empty]
Dec 09, 2017 7:25:33 PM de.learnlib.logging.LearnLogger logPhase
INFO: Starting round 35
Dec 09, 2017 7:25:44 PM de.learnlib.logging.LearnLogger logCounterexample
INFO: Counter-example found: Query[ε|ClientHelloRSA ClientHelloDHE ClientKeyExchange / Empty Empty Empty]
Dec 09, 2017 7:25:44 PM de.learnlib.logging.LearnLogger logPhase
INFO: Starting round 36
Dec 09, 2017 7:25:57 PM de.learnlib.logging.LearnLogger logCounterexample
INFO: Counter-example found: Query[ε|ClientHelloRSA ClientHelloDHE ClientKeyExchange / Empty Empty Empty]
Dec 09, 2017 7:25:57 PM de.learnlib.logging.LearnLogger logPhase
INFO: Starting round 37
Dec 09, 2017 7:26:27 PM de.learnlib.logging.LearnLogger logCounterexample
INFO: Counter-example found: Query[ε|ClientHelloRSA ClientHelloDHE ClientKeyExchange / Empty Empty Empty]
Dec 09, 2017 7:26:28 PM de.learnlib.logging.LearnLogger logPhase
INFO: Starting round 38
Dec 09, 2017 7:26:45 PM de.learnlib.logging.LearnLogger logCounterexample
INFO: Counter-example found: Query[ε|ClientHelloRSA ClientHelloDHE ClientKeyExchange / Empty Empty Empty]
Dec 09, 2017 7:26:45 PM de.learnlib.logging.LearnLogger logPhase
INFO: Starting round 39
Dec 09, 2017 7:27:00 PM de.learnlib.logging.LearnLogger logCounterexample
INFO: Counter-example found: Query[ε|ClientHelloRSA ClientHelloDHE ClientKeyExchange / Empty Empty Empty]
Dec 09, 2017 7:27:01 PM de.learnlib.logging.LearnLogger logPhase
INFO: Starting round 40
Dec 09, 2017 7:27:28 PM de.learnlib.logging.LearnLogger logCounterexample
INFO: Counter-example found: Query[ε|ClientHelloRSA ClientHelloDHE ClientKeyExchange / Empty Empty Empty]
Dec 09, 2017 7:27:29 PM de.learnlib.logging.LearnLogger logPhase
INFO: Starting round 41
Dec 09, 2017 7:27:53 PM de.learnlib.logging.LearnLogger logCounterexample
INFO: Counter-example found: Query[ε|ClientHelloRSA ClientHelloDHE ClientKeyExchange / Empty Empty Empty]
Dec 09, 2017 7:27:53 PM de.learnlib.logging.LearnLogger logPhase
INFO: Starting round 42
Dec 09, 2017 7:28:16 PM de.learnlib.logging.LearnLogger logCounterexample
INFO: Counter-example found: Query[ε|ClientHelloRSA ClientHelloDHE ClientKeyExchange / Empty Empty Empty]
Dec 09, 2017 7:28:16 PM de.learnlib.logging.LearnLogger logPhase
INFO: Starting round 43
Dec 09, 2017 7:28:28 PM de.learnlib.logging.LearnLogger logCounterexample
INFO: Counter-example found: Query[ε|ClientHelloRSA ClientHelloDHE ClientKeyExchange / Empty Empty Empty]
Dec 09, 2017 7:28:28 PM de.learnlib.logging.LearnLogger logPhase
INFO: Starting round 44
Dec 09, 2017 7:38:31 PM de.learnlib.logging.LearnLogger logCounterexample
INFO: Counter-example found: Query[ε|ClientHelloRSA ClientHelloDHE ClientKeyExchange / Empty Empty Empty]
Dec 09, 2017 7:38:35 PM de.learnlib.logging.LearnLogger logPhase
INFO: Starting round 45
Dec 09, 2017 7:39:24 PM de.learnlib.logging.LearnLogger logCounterexample
INFO: Counter-example found: Query[ε|ClientHelloRSA ClientHelloDHE ClientKeyExchange / Empty Empty Empty]
Dec 09, 2017 7:39:24 PM de.learnlib.logging.LearnLogger logPhase
INFO: Starting round 46
Dec 09, 2017 7:39:41 PM de.learnlib.logging.LearnLogger logCounterexample
INFO: Counter-example found: Query[ε|ClientHelloRSA / HandshakeServerHelloTLSv12HandshakeCertificateHandshakeServerHelloDone]
Dec 09, 2017 7:39:41 PM de.learnlib.logging.LearnLogger logPhase
INFO: Starting round 47
Dec 09, 2017 7:42:09 PM de.learnlib.logging.LearnLogger logCounterexample
INFO: Counter-example found: Query[ε|ClientHelloRSA ClientHelloDHE ClientKeyExchange / Empty Empty Empty]
Dec 09, 2017 7:42:09 PM de.learnlib.logging.LearnLogger logPhase
INFO: Starting round 48
Dec 09, 2017 7:44:46 PM de.learnlib.logging.LearnLogger logCounterexample
INFO: Counter-example found: Query[ε|ClientHelloRSA ClientHelloDHE ClientKeyExchange / Empty Empty Empty]
Dec 09, 2017 7:44:48 PM de.learnlib.logging.LearnLogger logPhase
INFO: Starting round 49
Dec 09, 2017 7:46:58 PM de.learnlib.logging.LearnLogger logCounterexample
INFO: Counter-example found: Query[ε|ClientHelloRSA ClientHelloDHE ClientKeyExchange / Empty Empty Empty]
Dec 09, 2017 7:46:59 PM de.learnlib.logging.LearnLogger logPhase
INFO: Starting round 50
Dec 09, 2017 7:49:53 PM de.learnlib.logging.LearnLogger logCounterexample
INFO: Counter-example found: Query[ε|ClientHelloRSA ClientHelloDHE ClientKeyExchange / Empty Empty Empty]
Dec 09, 2017 7:49:55 PM de.learnlib.logging.LearnLogger logPhase
INFO: Starting round 51
Dec 09, 2017 7:54:27 PM de.learnlib.logging.LearnLogger logCounterexample
INFO: Counter-example found: Query[ε|ClientHelloRSA ClientHelloDHE ClientKeyExchange / Empty Empty Empty]
Dec 09, 2017 7:54:29 PM de.learnlib.logging.LearnLogger logPhase
INFO: Starting round 52
Dec 09, 2017 7:57:04 PM de.learnlib.logging.LearnLogger logCounterexample
INFO: Counter-example found: Query[ε|ClientHelloRSA ClientHelloDHE ClientKeyExchange / Empty Empty Empty]
Dec 09, 2017 7:57:05 PM de.learnlib.logging.LearnLogger logPhase
INFO: Starting round 53
Dec 09, 2017 7:59:11 PM de.learnlib.logging.LearnLogger logCounterexample
INFO: Counter-example found: Query[ε|ClientHelloRSA ClientHelloDHE ClientKeyExchange / Empty Empty Empty]
Dec 09, 2017 7:59:15 PM de.learnlib.logging.LearnLogger logPhase
INFO: Starting round 54
Dec 09, 2017 7:59:58 PM de.learnlib.logging.LearnLogger logCounterexample
INFO: Counter-example found: Query[ε|ClientHelloRSA ClientHelloDHE ClientKeyExchange / Empty Empty Empty]
Dec 09, 2017 7:59:58 PM de.learnlib.logging.LearnLogger logPhase
INFO: Starting round 55
Dec 09, 2017 8:00:28 PM de.learnlib.logging.LearnLogger logCounterexample
INFO: Counter-example found: Query[ε|ClientHelloRSA ClientHelloDHE ClientKeyExchange / Empty Empty Empty]
Dec 09, 2017 8:00:28 PM de.learnlib.logging.LearnLogger logPhase
INFO: Starting round 56
Dec 09, 2017 8:02:45 PM de.learnlib.logging.LearnLogger logCounterexample
INFO: Counter-example found: Query[ε|ClientHelloRSA ClientHelloDHE ClientKeyExchange / Empty Empty Empty]
Dec 09, 2017 8:02:48 PM de.learnlib.logging.LearnLogger logPhase
INFO: Starting round 57
Dec 09, 2017 8:03:14 PM de.learnlib.logging.LearnLogger logCounterexample
INFO: Counter-example found: Query[ε|ClientHelloRSA ClientHelloDHE ClientKeyExchange / Empty Empty Empty]
Dec 09, 2017 8:03:14 PM de.learnlib.logging.LearnLogger logPhase
INFO: Starting round 58
Dec 09, 2017 8:06:43 PM de.learnlib.logging.LearnLogger logCounterexample
INFO: Counter-example found: Query[ε|ClientHelloRSA ClientHelloDHE ClientKeyExchange / Empty Empty Empty]
Dec 09, 2017 8:06:44 PM de.learnlib.logging.LearnLogger logPhase
INFO: Starting round 59
Dec 09, 2017 8:08:36 PM de.learnlib.logging.LearnLogger logCounterexample
INFO: Counter-example found: Query[ε|ClientHelloRSA ClientHelloDHE ClientKeyExchange / Empty Empty Empty]
Dec 09, 2017 8:08:37 PM de.learnlib.logging.LearnLogger logPhase
INFO: Starting round 60
Dec 09, 2017 8:37:44 PM de.learnlib.logging.LearnLogger logCounterexample
INFO: Counter-example found: Query[ε|ClientHelloRSA ClientHelloDHE ClientKeyExchange / Empty Empty Empty]
Dec 09, 2017 8:37:53 PM de.learnlib.logging.LearnLogger logPhase
INFO: Starting round 61
Dec 09, 2017 8:44:36 PM de.learnlib.logging.LearnLogger logCounterexample
INFO: Counter-example found: Query[ε|ClientHelloRSA ClientHelloDHE ClientKeyExchange / Empty Empty Empty]
Dec 09, 2017 8:44:36 PM de.learnlib.logging.LearnLogger logPhase
INFO: Starting round 62
Dec 09, 2017 8:48:38 PM de.learnlib.logging.LearnLogger logCounterexample
INFO: Counter-example found: Query[ε|ClientHelloRSA ClientHelloDHE ClientKeyExchange / Empty Empty Empty]
Dec 09, 2017 8:48:40 PM de.learnlib.logging.LearnLogger logPhase
INFO: Starting round 63
Dec 09, 2017 8:51:58 PM de.learnlib.logging.LearnLogger logCounterexample
INFO: Counter-example found: Query[ε|ClientHelloRSA ClientHelloDHE ClientKeyExchange / Empty Empty Empty]
Dec 09, 2017 8:52:00 PM de.learnlib.logging.LearnLogger logPhase
INFO: Starting round 64
Dec 09, 2017 8:55:00 PM de.learnlib.logging.LearnLogger logCounterexample
INFO: Counter-example found: Query[ε|ClientHelloRSA ClientHelloDHE ClientKeyExchange / Empty Empty Empty]
Dec 09, 2017 8:55:03 PM de.learnlib.logging.LearnLogger logPhase
INFO: Starting round 65
Dec 09, 2017 9:21:56 PM de.learnlib.logging.LearnLogger logCounterexample
INFO: Counter-example found: Query[ε|ClientHelloRSA ClientHelloDHE ClientKeyExchange / Empty Empty Empty]
Dec 09, 2017 9:22:02 PM de.learnlib.logging.LearnLogger logPhase
INFO: Starting round 66
Dec 09, 2017 9:25:16 PM de.learnlib.logging.LearnLogger logCounterexample
INFO: Counter-example found: Query[ε|ClientHelloRSA ClientHelloDHE ClientKeyExchange / Empty Empty Empty]
Dec 09, 2017 9:25:17 PM de.learnlib.logging.LearnLogger logPhase
INFO: Starting round 67
Dec 09, 2017 9:27:17 PM de.learnlib.logging.LearnLogger logCounterexample
INFO: Counter-example found: Query[ε|ClientHelloRSA ClientHelloDHE ClientKeyExchange / Empty Empty Empty]
Dec 09, 2017 9:27:19 PM de.learnlib.logging.LearnLogger logPhase
INFO: Starting round 68
Dec 09, 2017 9:28:45 PM de.learnlib.logging.LearnLogger logCounterexample
INFO: Counter-example found: Query[ε|ClientHelloRSA ClientHelloDHE ClientKeyExchange / Empty Empty Empty]
Dec 09, 2017 9:28:50 PM de.learnlib.logging.LearnLogger logPhase
INFO: Starting round 69
Dec 09, 2017 9:42:16 PM de.learnlib.logging.LearnLogger logCounterexample
INFO: Counter-example found: Query[ε|ClientHelloRSA ClientHelloDHE ClientKeyExchange / Empty Empty Empty]
Dec 09, 2017 9:42:26 PM de.learnlib.logging.LearnLogger logPhase
INFO: Starting round 70
Dec 09, 2017 9:46:45 PM de.learnlib.logging.LearnLogger logCounterexample
INFO: Counter-example found: Query[ε|ClientHelloRSA ClientHelloDHE ClientKeyExchange / Empty Empty Empty]
Dec 09, 2017 9:46:50 PM de.learnlib.logging.LearnLogger logPhase
INFO: Starting round 71
Dec 09, 2017 10:14:53 PM de.learnlib.logging.LearnLogger logCounterexample
INFO: Counter-example found: Query[ε|ClientHelloRSA ClientHelloDHE ClientKeyExchange / Empty Empty Empty]
Dec 09, 2017 10:15:07 PM de.learnlib.logging.LearnLogger logPhase
INFO: Starting round 72
