Dec 09, 2017 4:19:09 PM de.learnlib.logging.LearnLogger logQuery
INFO: [ε | ε / ε | ε]
Dec 09, 2017 4:19:10 PM de.learnlib.logging.LearnLogger logQuery
INFO: [ε | ClientHelloRSA / ε | HandshakeServerHelloTLSv12HandshakeCertificateHandshakeServerHelloDone]
Dec 09, 2017 4:19:10 PM de.learnlib.logging.LearnLogger logQuery
INFO: [ε | ClientHelloRSA ClientHelloRSA / ε | Empty HandshakeServerHelloTLSv12HandshakeCertificateHandshakeServerHelloDoneAlert2.10ConnectionClosed]
Dec 09, 2017 4:19:11 PM de.learnlib.logging.LearnLogger logQuery
INFO: [ε | ε / ε | ε]
Dec 09, 2017 4:19:11 PM de.learnlib.logging.LearnLogger logQuery
INFO: [ε | ClientHelloRSA / ε | Empty]
Dec 09, 2017 4:19:13 PM de.learnlib.logging.LearnLogger logQuery
INFO: [ε | ε / ε | ε]
Dec 09, 2017 4:19:13 PM de.learnlib.logging.LearnLogger logQuery
INFO: [ε | ClientHelloRSA / ε | HandshakeServerHelloTLSv12HandshakeCertificateHandshakeServerHelloDone]
Dec 09, 2017 4:19:13 PM de.learnlib.logging.LearnLogger logQuery
INFO: [ε | ClientHelloRSA ClientHelloRSA / ε | Empty HandshakeServerHelloTLSv12HandshakeCertificateHandshakeServerHelloDoneAlert2.10ConnectionClosed]
Dec 09, 2017 4:19:15 PM de.learnlib.logging.LearnLogger logQuery
INFO: [ε | ε / ε | ε]
Dec 09, 2017 4:19:15 PM de.learnlib.logging.LearnLogger logQuery
INFO: [ε | ClientHelloRSA / ε | HandshakeServerHelloTLSv12HandshakeCertificateHandshakeServerHelloDone]
Dec 09, 2017 4:19:15 PM de.learnlib.logging.LearnLogger logQuery
INFO: [ε | ClientHelloRSA ClientHelloRSA / ε | Empty HandshakeServerHelloTLSv12HandshakeCertificateHandshakeServerHelloDoneAlert2.10ConnectionClosed]
Dec 09, 2017 4:19:17 PM de.learnlib.logging.LearnLogger logQuery
INFO: [ε | ε / ε | ε]
Dec 09, 2017 4:19:17 PM de.learnlib.logging.LearnLogger logQuery
INFO: [ε | ClientHelloRSA / ε | HandshakeServerHelloTLSv12HandshakeCertificateHandshakeServerHelloDone]
Dec 09, 2017 4:19:17 PM de.learnlib.logging.LearnLogger logQuery
INFO: [ε | ClientHelloRSA ClientHelloRSA / ε | Empty HandshakeServerHelloTLSv12HandshakeCertificateHandshakeServerHelloDoneAlert2.10ConnectionClosed]
Dec 09, 2017 4:19:19 PM de.learnlib.logging.LearnLogger logQuery
INFO: [ε | ε / ε | ε]
Dec 09, 2017 4:19:19 PM de.learnlib.logging.LearnLogger logQuery
INFO: [ε | ClientHelloRSA / ε | HandshakeServerHelloTLSv12HandshakeCertificateHandshakeServerHelloDone]
Dec 09, 2017 4:19:19 PM de.learnlib.logging.LearnLogger logQuery
INFO: [ε | ClientHelloRSA ClientHelloRSA / ε | Empty HandshakeServerHelloTLSv12HandshakeCertificateHandshakeServerHelloDoneAlert2.10ConnectionClosed]
Dec 09, 2017 4:19:20 PM de.learnlib.logging.LearnLogger logQuery
INFO: [ε | ε / ε | ε]
Dec 09, 2017 4:19:21 PM de.learnlib.logging.LearnLogger logQuery
INFO: [ε | ClientHelloRSA / ε | Empty]
Dec 09, 2017 4:19:23 PM de.learnlib.logging.LearnLogger logQuery
INFO: [ε | ε / ε | ε]
Dec 09, 2017 4:19:23 PM de.learnlib.logging.LearnLogger logQuery
INFO: [ε | ClientHelloRSA / ε | HandshakeServerHelloTLSv12HandshakeCertificateHandshakeServerHelloDone]
Dec 09, 2017 4:19:23 PM de.learnlib.logging.LearnLogger logQuery
INFO: [ε | ClientHelloRSA ClientHelloRSA / ε | Empty HandshakeServerHelloTLSv12HandshakeCertificateHandshakeServerHelloDoneAlert2.10ConnectionClosed]
Dec 09, 2017 4:19:25 PM de.learnlib.logging.LearnLogger logQuery
INFO: [ε | ε / ε | ε]
Dec 09, 2017 4:19:25 PM de.learnlib.logging.LearnLogger logQuery
INFO: [ε | ClientHelloRSA / ε | HandshakeServerHelloTLSv12HandshakeCertificateHandshakeServerHelloDone]
Dec 09, 2017 4:19:25 PM de.learnlib.logging.LearnLogger logQuery
INFO: [ε | ClientHelloRSA ClientHelloRSA / ε | Empty HandshakeServerHelloTLSv12HandshakeCertificateHandshakeServerHelloDoneAlert2.10ConnectionClosed]
Dec 09, 2017 4:19:28 PM de.learnlib.logging.LearnLogger logQuery
INFO: [ε | ε / ε | ε]
Dec 09, 2017 4:19:29 PM de.learnlib.logging.LearnLogger logQuery
INFO: [ε | ClientHelloRSA / ε | HandshakeServerHelloTLSv12HandshakeCertificateHandshakeServerHelloDone]
Dec 09, 2017 4:19:29 PM de.learnlib.logging.LearnLogger logQuery
INFO: [ε | ClientHelloRSA ClientHelloRSA / ε | HandshakeServerHelloTLSv12HandshakeCertificateHandshakeServerHelloDone Alert2.10ConnectionClosed]
Dec 09, 2017 4:19:29 PM de.learnlib.logging.LearnLogger logQuery
INFO: [ε | ClientHelloRSA ClientKeyExchange / ε | HandshakeServerHelloTLSv12HandshakeCertificateHandshakeServerHelloDone Empty]
Dec 09, 2017 4:19:32 PM de.learnlib.logging.LearnLogger logQuery
INFO: [ε | ε / ε | ε]
Dec 09, 2017 4:19:32 PM de.learnlib.logging.LearnLogger logQuery
INFO: [ε | ClientHelloRSA / ε | HandshakeServerHelloTLSv12HandshakeCertificateHandshakeServerHelloDone]
Dec 09, 2017 4:19:32 PM de.learnlib.logging.LearnLogger logQuery
INFO: [ε | ClientHelloRSA ClientHelloRSA / ε | HandshakeServerHelloTLSv12HandshakeCertificateHandshakeServerHelloDone Alert2.10ConnectionClosed]
Dec 09, 2017 4:19:32 PM de.learnlib.logging.LearnLogger logQuery
INFO: [ε | ClientHelloRSA ClientKeyExchange / ε | HandshakeServerHelloTLSv12HandshakeCertificateHandshakeServerHelloDone Empty]
Dec 09, 2017 4:19:35 PM de.learnlib.logging.LearnLogger logQuery
INFO: [ε | ε / ε | ε]
Dec 09, 2017 4:19:35 PM de.learnlib.logging.LearnLogger logQuery
INFO: [ε | ClientHelloRSA / ε | HandshakeServerHelloTLSv12HandshakeCertificateHandshakeServerHelloDone]
Dec 09, 2017 4:19:35 PM de.learnlib.logging.LearnLogger logQuery
INFO: [ε | ClientHelloRSA ClientHelloRSA / ε | Empty Empty]
Dec 09, 2017 4:19:39 PM de.learnlib.logging.LearnLogger logQuery
INFO: [ε | ε / ε | ε]
Dec 09, 2017 4:19:39 PM de.learnlib.logging.LearnLogger logQuery
INFO: [ε | ClientHelloRSA / ε | HandshakeServerHelloTLSv12HandshakeCertificateHandshakeServerHelloDone]
Dec 09, 2017 4:19:39 PM de.learnlib.logging.LearnLogger logQuery
INFO: [ε | ClientHelloRSA ClientHelloRSA / ε | Empty HandshakeServerHelloTLSv12HandshakeCertificateHandshakeServerHelloDoneAlert2.10ConnectionClosed]
Dec 09, 2017 4:19:44 PM de.learnlib.logging.LearnLogger logQuery
INFO: [ε | ε / ε | ε]
Dec 09, 2017 4:19:44 PM de.learnlib.logging.LearnLogger logQuery
INFO: [ε | ClientHelloRSA / ε | Empty]
Dec 09, 2017 4:19:48 PM de.learnlib.logging.LearnLogger logQuery
INFO: [ε | ε / ε | ε]
Dec 09, 2017 4:19:48 PM de.learnlib.logging.LearnLogger logQuery
INFO: [ε | ClientHelloRSA / ε | Empty]
Dec 09, 2017 4:19:51 PM de.learnlib.logging.LearnLogger logQuery
INFO: [ε | ε / ε | ε]
Dec 09, 2017 4:19:51 PM de.learnlib.logging.LearnLogger logQuery
INFO: [ε | ClientHelloRSA / ε | HandshakeServerHelloTLSv12HandshakeCertificateHandshakeServerHelloDone]
Dec 09, 2017 4:19:51 PM de.learnlib.logging.LearnLogger logQuery
INFO: [ε | ClientHelloRSA ClientHelloRSA / ε | Empty HandshakeServerHelloTLSv12HandshakeCertificateHandshakeServerHelloDoneAlert2.10ConnectionClosed]
Dec 09, 2017 4:19:55 PM de.learnlib.logging.LearnLogger logQuery
INFO: [ε | ε / ε | ε]
Dec 09, 2017 4:19:56 PM de.learnlib.logging.LearnLogger logQuery
INFO: [ε | ClientHelloRSA / ε | Empty]
Dec 09, 2017 4:20:00 PM de.learnlib.logging.LearnLogger logQuery
INFO: [ε | ε / ε | ε]
Dec 09, 2017 4:20:00 PM de.learnlib.logging.LearnLogger logQuery
INFO: [ε | ClientHelloRSA / ε | HandshakeServerHelloTLSv12HandshakeCertificateHandshakeServerHelloDone]
Dec 09, 2017 4:20:00 PM de.learnlib.logging.LearnLogger logQuery
INFO: [ε | ClientHelloRSA ClientHelloRSA / ε | Empty HandshakeServerHelloTLSv12HandshakeCertificateHandshakeServerHelloDoneAlert2.10ConnectionClosed]
Dec 09, 2017 4:20:04 PM de.learnlib.logging.LearnLogger logQuery
INFO: [ε | ε / ε | ε]
Dec 09, 2017 4:20:04 PM de.learnlib.logging.LearnLogger logQuery
INFO: [ε | ClientHelloRSA / ε | HandshakeServerHelloTLSv12HandshakeCertificateHandshakeServerHelloDone]
Dec 09, 2017 4:20:04 PM de.learnlib.logging.LearnLogger logQuery
INFO: [ε | ClientHelloRSA ClientHelloRSA / ε | Empty HandshakeServerHelloTLSv12HandshakeCertificateHandshakeServerHelloDoneAlert2.10ConnectionClosed]
Dec 09, 2017 4:20:08 PM de.learnlib.logging.LearnLogger logQuery
INFO: [ε | ε / ε | ε]
Dec 09, 2017 4:20:08 PM de.learnlib.logging.LearnLogger logQuery
INFO: [ε | ClientHelloRSA / ε | HandshakeServerHelloTLSv12HandshakeCertificateHandshakeServerHelloDone]
Dec 09, 2017 4:20:08 PM de.learnlib.logging.LearnLogger logQuery
INFO: [ε | ClientHelloRSA ClientHelloRSA / ε | HandshakeServerHelloTLSv12HandshakeCertificateHandshakeServerHelloDone Alert2.10ConnectionClosed]
Dec 09, 2017 4:20:08 PM de.learnlib.logging.LearnLogger logQuery
INFO: [ε | ClientHelloRSA ClientKeyExchange / ε | HandshakeServerHelloTLSv12HandshakeCertificateHandshakeServerHelloDone Empty]
Dec 09, 2017 4:20:15 PM de.learnlib.logging.LearnLogger logQuery
INFO: [ε | ε / ε | ε]
Dec 09, 2017 4:20:15 PM de.learnlib.logging.LearnLogger logQuery
INFO: [ε | ClientHelloRSA / ε | Empty]
Dec 09, 2017 4:20:20 PM de.learnlib.logging.LearnLogger logQuery
INFO: [ε | ε / ε | ε]
Dec 09, 2017 4:20:20 PM de.learnlib.logging.LearnLogger logQuery
INFO: [ε | ClientHelloRSA / ε | Empty]
Dec 09, 2017 4:20:28 PM de.learnlib.logging.LearnLogger logQuery
INFO: [ε | ε / ε | ε]
Dec 09, 2017 4:20:28 PM de.learnlib.logging.LearnLogger logQuery
INFO: [ε | ClientHelloRSA / ε | Empty]
Dec 09, 2017 4:20:35 PM de.learnlib.logging.LearnLogger logQuery
INFO: [ε | ε / ε | ε]
Dec 09, 2017 4:20:35 PM de.learnlib.logging.LearnLogger logQuery
INFO: [ε | ClientHelloRSA / ε | Empty]
Dec 09, 2017 4:20:38 PM de.learnlib.logging.LearnLogger logQuery
INFO: [ε | ε / ε | ε]
Dec 09, 2017 4:20:39 PM de.learnlib.logging.LearnLogger logQuery
INFO: [ε | ClientHelloRSA / ε | HandshakeServerHelloTLSv12HandshakeCertificateHandshakeServerHelloDone]
Dec 09, 2017 4:20:39 PM de.learnlib.logging.LearnLogger logQuery
INFO: [ε | ClientHelloRSA ClientHelloRSA / ε | Empty HandshakeServerHelloTLSv12HandshakeCertificateHandshakeServerHelloDoneAlert2.10ConnectionClosed]
Dec 09, 2017 4:20:45 PM de.learnlib.logging.LearnLogger logQuery
INFO: [ε | ε / ε | ε]
Dec 09, 2017 4:20:45 PM de.learnlib.logging.LearnLogger logQuery
INFO: [ε | ClientHelloRSA / ε | Empty]
Dec 09, 2017 4:20:52 PM de.learnlib.logging.LearnLogger logQuery
INFO: [ε | ε / ε | ε]
Dec 09, 2017 4:20:53 PM de.learnlib.logging.LearnLogger logQuery
INFO: [ε | ClientHelloRSA / ε | Empty]
Dec 09, 2017 4:20:59 PM de.learnlib.logging.LearnLogger logQuery
INFO: [ε | ε / ε | ε]
Dec 09, 2017 4:20:59 PM de.learnlib.logging.LearnLogger logQuery
INFO: [ε | ClientHelloRSA / ε | Empty]
Dec 09, 2017 4:21:07 PM de.learnlib.logging.LearnLogger logQuery
INFO: [ε | ε / ε | ε]
Dec 09, 2017 4:21:07 PM de.learnlib.logging.LearnLogger logQuery
INFO: [ε | ClientHelloRSA / ε | Empty]
Dec 09, 2017 4:21:14 PM de.learnlib.logging.LearnLogger logQuery
INFO: [ε | ε / ε | ε]
Dec 09, 2017 4:21:14 PM de.learnlib.logging.LearnLogger logQuery
INFO: [ε | ClientHelloRSA / ε | Empty]
Dec 09, 2017 4:21:22 PM de.learnlib.logging.LearnLogger logQuery
INFO: [ε | ε / ε | ε]
Dec 09, 2017 4:21:22 PM de.learnlib.logging.LearnLogger logQuery
INFO: [ε | ClientHelloRSA / ε | Empty]
Dec 09, 2017 4:21:29 PM de.learnlib.logging.LearnLogger logQuery
INFO: [ε | ε / ε | ε]
Dec 09, 2017 4:21:29 PM de.learnlib.logging.LearnLogger logQuery
INFO: [ε | ClientHelloRSA / ε | Empty]
Dec 09, 2017 4:21:36 PM de.learnlib.logging.LearnLogger logQuery
INFO: [ε | ε / ε | ε]
Dec 09, 2017 4:21:36 PM de.learnlib.logging.LearnLogger logQuery
INFO: [ε | ClientHelloRSA / ε | Empty]
Dec 09, 2017 4:21:41 PM de.learnlib.logging.LearnLogger logQuery
INFO: [ε | ε / ε | ε]
Dec 09, 2017 4:21:41 PM de.learnlib.logging.LearnLogger logQuery
INFO: [ε | ClientHelloRSA / ε | Empty]
Dec 09, 2017 4:21:49 PM de.learnlib.logging.LearnLogger logQuery
INFO: [ε | ε / ε | ε]
Dec 09, 2017 4:21:49 PM de.learnlib.logging.LearnLogger logQuery
INFO: [ε | ClientHelloRSA / ε | Empty]
Dec 09, 2017 4:21:56 PM de.learnlib.logging.LearnLogger logQuery
INFO: [ε | ε / ε | ε]
Dec 09, 2017 4:21:56 PM de.learnlib.logging.LearnLogger logQuery
INFO: [ε | ClientHelloRSA / ε | Empty]
Dec 09, 2017 4:22:03 PM de.learnlib.logging.LearnLogger logQuery
INFO: [ε | ε / ε | ε]
Dec 09, 2017 4:22:03 PM de.learnlib.logging.LearnLogger logQuery
INFO: [ε | ClientHelloRSA / ε | Empty]
Dec 09, 2017 4:22:10 PM de.learnlib.logging.LearnLogger logQuery
INFO: [ε | ε / ε | ε]
Dec 09, 2017 4:22:10 PM de.learnlib.logging.LearnLogger logQuery
INFO: [ε | ClientHelloRSA / ε | Empty]
Dec 09, 2017 4:22:19 PM de.learnlib.logging.LearnLogger logQuery
INFO: [ε | ε / ε | ε]
Dec 09, 2017 4:22:19 PM de.learnlib.logging.LearnLogger logQuery
INFO: [ε | ClientHelloRSA / ε | Empty]
Dec 09, 2017 4:22:30 PM de.learnlib.logging.LearnLogger logQuery
INFO: [ε | ε / ε | ε]
Dec 09, 2017 4:22:30 PM de.learnlib.logging.LearnLogger logQuery
INFO: [ε | ClientHelloRSA / ε | Empty]
Dec 09, 2017 4:22:39 PM de.learnlib.logging.LearnLogger logQuery
INFO: [ε | ε / ε | ε]
Dec 09, 2017 4:22:39 PM de.learnlib.logging.LearnLogger logQuery
INFO: [ε | ClientHelloRSA / ε | Empty]
Dec 09, 2017 4:22:49 PM de.learnlib.logging.LearnLogger logQuery
INFO: [ε | ε / ε | ε]
Dec 09, 2017 4:22:49 PM de.learnlib.logging.LearnLogger logQuery
INFO: [ε | ClientHelloRSA / ε | Empty]
Dec 09, 2017 4:23:01 PM de.learnlib.logging.LearnLogger logQuery
INFO: [ε | ε / ε | ε]
Dec 09, 2017 4:23:01 PM de.learnlib.logging.LearnLogger logQuery
INFO: [ε | ClientHelloRSA / ε | Empty]
Dec 09, 2017 4:23:09 PM de.learnlib.logging.LearnLogger logQuery
INFO: [ε | ε / ε | ε]
Dec 09, 2017 4:23:09 PM de.learnlib.logging.LearnLogger logQuery
INFO: [ε | ClientHelloRSA / ε | Empty]
Dec 09, 2017 4:23:17 PM de.learnlib.logging.LearnLogger logQuery
INFO: [ε | ε / ε | ε]
Dec 09, 2017 4:23:17 PM de.learnlib.logging.LearnLogger logQuery
INFO: [ε | ClientHelloRSA / ε | Empty]
Dec 09, 2017 4:23:29 PM de.learnlib.logging.LearnLogger logQuery
INFO: [ε | ε / ε | ε]
Dec 09, 2017 4:23:29 PM de.learnlib.logging.LearnLogger logQuery
INFO: [ε | ClientHelloRSA / ε | Empty]
Dec 09, 2017 4:23:39 PM de.learnlib.logging.LearnLogger logQuery
INFO: [ε | ε / ε | ε]
Dec 09, 2017 4:23:39 PM de.learnlib.logging.LearnLogger logQuery
INFO: [ε | ClientHelloRSA / ε | Empty]
Dec 09, 2017 4:23:49 PM de.learnlib.logging.LearnLogger logQuery
INFO: [ε | ε / ε | ε]
Dec 09, 2017 4:23:49 PM de.learnlib.logging.LearnLogger logQuery
INFO: [ε | ClientHelloRSA / ε | Empty]
Dec 09, 2017 4:24:01 PM de.learnlib.logging.LearnLogger logQuery
INFO: [ε | ε / ε | ε]
Dec 09, 2017 4:24:01 PM de.learnlib.logging.LearnLogger logQuery
INFO: [ε | ClientHelloRSA / ε | Empty]
Dec 09, 2017 4:24:11 PM de.learnlib.logging.LearnLogger logQuery
INFO: [ε | ε / ε | ε]
Dec 09, 2017 4:24:11 PM de.learnlib.logging.LearnLogger logQuery
INFO: [ε | ClientHelloRSA / ε | Empty]
Dec 09, 2017 4:24:21 PM de.learnlib.logging.LearnLogger logQuery
INFO: [ε | ε / ε | ε]
Dec 09, 2017 4:24:21 PM de.learnlib.logging.LearnLogger logQuery
INFO: [ε | ClientHelloRSA / ε | Empty]
Dec 09, 2017 4:24:35 PM de.learnlib.logging.LearnLogger logQuery
INFO: [ε | ε / ε | ε]
Dec 09, 2017 4:24:35 PM de.learnlib.logging.LearnLogger logQuery
INFO: [ε | ClientHelloRSA / ε | Empty]
Dec 09, 2017 4:24:44 PM de.learnlib.logging.LearnLogger logQuery
INFO: [ε | ε / ε | ε]
Dec 09, 2017 4:24:44 PM de.learnlib.logging.LearnLogger logQuery
INFO: [ε | ClientHelloRSA / ε | Empty]
Dec 09, 2017 4:24:57 PM de.learnlib.logging.LearnLogger logQuery
INFO: [ε | ε / ε | ε]
Dec 09, 2017 4:24:57 PM de.learnlib.logging.LearnLogger logQuery
INFO: [ε | ClientHelloRSA / ε | Empty]
Dec 09, 2017 4:25:07 PM de.learnlib.logging.LearnLogger logQuery
INFO: [ε | ε / ε | ε]
Dec 09, 2017 4:25:07 PM de.learnlib.logging.LearnLogger logQuery
INFO: [ε | ClientHelloRSA / ε | Empty]
Dec 09, 2017 4:25:19 PM de.learnlib.logging.LearnLogger logQuery
INFO: [ε | ε / ε | ε]
Dec 09, 2017 4:25:19 PM de.learnlib.logging.LearnLogger logQuery
INFO: [ε | ClientHelloRSA / ε | Empty]
Dec 09, 2017 4:25:26 PM de.learnlib.logging.LearnLogger logQuery
INFO: [ε | ε / ε | ε]
Dec 09, 2017 4:25:26 PM de.learnlib.logging.LearnLogger logQuery
INFO: [ε | ClientHelloRSA / ε | Empty]
Dec 09, 2017 4:25:39 PM de.learnlib.logging.LearnLogger logQuery
INFO: [ε | ε / ε | ε]
Dec 09, 2017 4:25:39 PM de.learnlib.logging.LearnLogger logQuery
INFO: [ε | ClientHelloRSA / ε | Empty]
Dec 09, 2017 4:25:49 PM de.learnlib.logging.LearnLogger logQuery
INFO: [ε | ε / ε | ε]
Dec 09, 2017 4:25:49 PM de.learnlib.logging.LearnLogger logQuery
INFO: [ε | ClientHelloRSA / ε | Empty]
Dec 09, 2017 4:26:00 PM de.learnlib.logging.LearnLogger logQuery
INFO: [ε | ε / ε | ε]
Dec 09, 2017 4:26:00 PM de.learnlib.logging.LearnLogger logQuery
INFO: [ε | ClientHelloRSA / ε | Empty]
Dec 09, 2017 4:26:14 PM de.learnlib.logging.LearnLogger logQuery
INFO: [ε | ε / ε | ε]
Dec 09, 2017 4:26:14 PM de.learnlib.logging.LearnLogger logQuery
INFO: [ε | ClientHelloRSA / ε | Empty]
Dec 09, 2017 4:26:22 PM de.learnlib.logging.LearnLogger logQuery
INFO: [ε | ε / ε | ε]
Dec 09, 2017 4:26:22 PM de.learnlib.logging.LearnLogger logQuery
INFO: [ε | ClientHelloRSA / ε | Empty]
Dec 09, 2017 4:26:33 PM de.learnlib.logging.LearnLogger logQuery
INFO: [ε | ε / ε | ε]
Dec 09, 2017 4:26:33 PM de.learnlib.logging.LearnLogger logQuery
INFO: [ε | ClientHelloRSA / ε | Empty]
Dec 09, 2017 4:26:48 PM de.learnlib.logging.LearnLogger logQuery
INFO: [ε | ε / ε | ε]
Dec 09, 2017 4:26:48 PM de.learnlib.logging.LearnLogger logQuery
INFO: [ε | ClientHelloRSA / ε | Empty]
Dec 09, 2017 4:26:59 PM de.learnlib.logging.LearnLogger logQuery
INFO: [ε | ε / ε | ε]
Dec 09, 2017 4:27:00 PM de.learnlib.logging.LearnLogger logQuery
INFO: [ε | ClientHelloRSA / ε | Empty]
Dec 09, 2017 4:27:15 PM de.learnlib.logging.LearnLogger logQuery
INFO: [ε | ε / ε | ε]
Dec 09, 2017 4:27:16 PM de.learnlib.logging.LearnLogger logQuery
INFO: [ε | ClientHelloRSA / ε | Empty]
Dec 09, 2017 4:27:27 PM de.learnlib.logging.LearnLogger logQuery
INFO: [ε | ε / ε | ε]
Dec 09, 2017 4:27:27 PM de.learnlib.logging.LearnLogger logQuery
INFO: [ε | ClientHelloRSA / ε | Empty]
Dec 09, 2017 4:27:42 PM de.learnlib.logging.LearnLogger logQuery
INFO: [ε | ε / ε | ε]
Dec 09, 2017 4:27:42 PM de.learnlib.logging.LearnLogger logQuery
INFO: [ε | ClientHelloRSA / ε | Empty]
Dec 09, 2017 4:28:00 PM de.learnlib.logging.LearnLogger logQuery
INFO: [ε | ε / ε | ε]
Dec 09, 2017 4:28:00 PM de.learnlib.logging.LearnLogger logQuery
INFO: [ε | ClientHelloRSA / ε | Empty]
Dec 09, 2017 4:28:13 PM de.learnlib.logging.LearnLogger logQuery
INFO: [ε | ε / ε | ε]
Dec 09, 2017 4:28:13 PM de.learnlib.logging.LearnLogger logQuery
INFO: [ε | ClientHelloRSA / ε | Empty]
Dec 09, 2017 4:28:29 PM de.learnlib.logging.LearnLogger logQuery
INFO: [ε | ε / ε | ε]
Dec 09, 2017 4:28:29 PM de.learnlib.logging.LearnLogger logQuery
INFO: [ε | ClientHelloRSA / ε | Empty]
Dec 09, 2017 4:28:46 PM de.learnlib.logging.LearnLogger logQuery
INFO: [ε | ε / ε | ε]
Dec 09, 2017 4:28:46 PM de.learnlib.logging.LearnLogger logQuery
INFO: [ε | ClientHelloRSA / ε | Empty]
Dec 09, 2017 4:28:59 PM de.learnlib.logging.LearnLogger logQuery
INFO: [ε | ε / ε | ε]
Dec 09, 2017 4:28:59 PM de.learnlib.logging.LearnLogger logQuery
INFO: [ε | ClientHelloRSA / ε | Empty]
Dec 09, 2017 4:29:17 PM de.learnlib.logging.LearnLogger logQuery
INFO: [ε | ε / ε | ε]
Dec 09, 2017 4:29:18 PM de.learnlib.logging.LearnLogger logQuery
INFO: [ε | ClientHelloRSA / ε | Empty]
Dec 09, 2017 4:29:34 PM de.learnlib.logging.LearnLogger logQuery
INFO: [ε | ε / ε | ε]
Dec 09, 2017 4:29:34 PM de.learnlib.logging.LearnLogger logQuery
INFO: [ε | ClientHelloRSA / ε | Empty]
Dec 09, 2017 4:29:51 PM de.learnlib.logging.LearnLogger logQuery
INFO: [ε | ε / ε | ε]
Dec 09, 2017 4:29:51 PM de.learnlib.logging.LearnLogger logQuery
INFO: [ε | ClientHelloRSA / ε | Empty]
Dec 09, 2017 4:30:12 PM de.learnlib.logging.LearnLogger logQuery
INFO: [ε | ε / ε | ε]
Dec 09, 2017 4:30:12 PM de.learnlib.logging.LearnLogger logQuery
INFO: [ε | ClientHelloRSA / ε | Empty]
Dec 09, 2017 4:30:31 PM de.learnlib.logging.LearnLogger logQuery
INFO: [ε | ε / ε | ε]
Dec 09, 2017 4:30:31 PM de.learnlib.logging.LearnLogger logQuery
INFO: [ε | ClientHelloRSA / ε | Empty]
Dec 09, 2017 4:30:47 PM de.learnlib.logging.LearnLogger logQuery
INFO: [ε | ε / ε | ε]
Dec 09, 2017 4:30:47 PM de.learnlib.logging.LearnLogger logQuery
INFO: [ε | ClientHelloRSA / ε | Empty]
Dec 09, 2017 4:31:00 PM de.learnlib.logging.LearnLogger logQuery
INFO: [ε | ε / ε | ε]
Dec 09, 2017 4:31:01 PM de.learnlib.logging.LearnLogger logQuery
INFO: [ε | ClientHelloRSA / ε | Empty]
Dec 09, 2017 4:31:15 PM de.learnlib.logging.LearnLogger logQuery
INFO: [ε | ε / ε | ε]
Dec 09, 2017 4:31:15 PM de.learnlib.logging.LearnLogger logQuery
INFO: [ε | ClientHelloRSA / ε | Empty]
Dec 09, 2017 4:31:28 PM de.learnlib.logging.LearnLogger logQuery
INFO: [ε | ε / ε | ε]
Dec 09, 2017 4:31:28 PM de.learnlib.logging.LearnLogger logQuery
INFO: [ε | ClientHelloRSA / ε | Empty]
Dec 09, 2017 4:31:40 PM de.learnlib.logging.LearnLogger logQuery
INFO: [ε | ε / ε | ε]
Dec 09, 2017 4:31:40 PM de.learnlib.logging.LearnLogger logQuery
INFO: [ε | ClientHelloRSA / ε | Empty]
Dec 09, 2017 4:32:01 PM de.learnlib.logging.LearnLogger logQuery
INFO: [ε | ε / ε | ε]
Dec 09, 2017 4:32:01 PM de.learnlib.logging.LearnLogger logQuery
INFO: [ε | ClientHelloRSA / ε | Empty]
Dec 09, 2017 4:32:17 PM de.learnlib.logging.LearnLogger logQuery
INFO: [ε | ε / ε | ε]
Dec 09, 2017 4:32:17 PM de.learnlib.logging.LearnLogger logQuery
INFO: [ε | ClientHelloRSA / ε | Empty]
Dec 09, 2017 4:32:35 PM de.learnlib.logging.LearnLogger logQuery
INFO: [ε | ε / ε | ε]
Dec 09, 2017 4:32:36 PM de.learnlib.logging.LearnLogger logQuery
INFO: [ε | ClientHelloRSA / ε | Empty]
Dec 09, 2017 4:32:47 PM de.learnlib.logging.LearnLogger logQuery
INFO: [ε | ε / ε | ε]
Dec 09, 2017 4:32:47 PM de.learnlib.logging.LearnLogger logQuery
INFO: [ε | ClientHelloRSA / ε | Empty]
Dec 09, 2017 4:33:03 PM de.learnlib.logging.LearnLogger logQuery
INFO: [ε | ε / ε | ε]
Dec 09, 2017 4:33:03 PM de.learnlib.logging.LearnLogger logQuery
INFO: [ε | ClientHelloRSA / ε | Empty]
Dec 09, 2017 4:33:28 PM de.learnlib.logging.LearnLogger logQuery
INFO: [ε | ε / ε | ε]
Dec 09, 2017 4:33:28 PM de.learnlib.logging.LearnLogger logQuery
INFO: [ε | ClientHelloRSA / ε | Empty]
Dec 09, 2017 4:33:44 PM de.learnlib.logging.LearnLogger logQuery
INFO: [ε | ε / ε | ε]
Dec 09, 2017 4:33:44 PM de.learnlib.logging.LearnLogger logQuery
INFO: [ε | ClientHelloRSA / ε | Empty]
Dec 09, 2017 4:34:03 PM de.learnlib.logging.LearnLogger logQuery
INFO: [ε | ε / ε | ε]
Dec 09, 2017 4:34:03 PM de.learnlib.logging.LearnLogger logQuery
INFO: [ε | ClientHelloRSA / ε | Empty]
Dec 09, 2017 4:34:15 PM de.learnlib.logging.LearnLogger logQuery
INFO: [ε | ε / ε | ε]
Dec 09, 2017 4:34:15 PM de.learnlib.logging.LearnLogger logQuery
INFO: [ε | ClientHelloRSA / ε | Empty]
Dec 09, 2017 4:34:34 PM de.learnlib.logging.LearnLogger logQuery
INFO: [ε | ε / ε | ε]
Dec 09, 2017 4:34:34 PM de.learnlib.logging.LearnLogger logQuery
INFO: [ε | ClientHelloRSA / ε | Empty]
Dec 09, 2017 4:34:59 PM de.learnlib.logging.LearnLogger logQuery
INFO: [ε | ε / ε | ε]
Dec 09, 2017 4:34:59 PM de.learnlib.logging.LearnLogger logQuery
INFO: [ε | ClientHelloRSA / ε | Empty]
Dec 09, 2017 4:35:29 PM de.learnlib.logging.LearnLogger logQuery
INFO: [ε | ε / ε | ε]
Dec 09, 2017 4:35:30 PM de.learnlib.logging.LearnLogger logQuery
INFO: [ε | ClientHelloRSA / ε | Empty]
Dec 09, 2017 4:35:43 PM de.learnlib.logging.LearnLogger logQuery
INFO: [ε | ε / ε | ε]
Dec 09, 2017 4:35:43 PM de.learnlib.logging.LearnLogger logQuery
INFO: [ε | ClientHelloRSA / ε | Empty]
Dec 09, 2017 4:35:56 PM de.learnlib.logging.LearnLogger logQuery
INFO: [ε | ε / ε | ε]
Dec 09, 2017 4:35:56 PM de.learnlib.logging.LearnLogger logQuery
INFO: [ε | ClientHelloRSA / ε | Empty]
Dec 09, 2017 4:36:17 PM de.learnlib.logging.LearnLogger logQuery
INFO: [ε | ε / ε | ε]
Dec 09, 2017 4:36:17 PM de.learnlib.logging.LearnLogger logQuery
INFO: [ε | ClientHelloRSA / ε | Empty]
Dec 09, 2017 4:36:33 PM de.learnlib.logging.LearnLogger logQuery
INFO: [ε | ε / ε | ε]
Dec 09, 2017 4:36:34 PM de.learnlib.logging.LearnLogger logQuery
INFO: [ε | ClientHelloRSA / ε | Empty]
Dec 09, 2017 4:36:50 PM de.learnlib.logging.LearnLogger logQuery
INFO: [ε | ε / ε | ε]
Dec 09, 2017 4:36:50 PM de.learnlib.logging.LearnLogger logQuery
INFO: [ε | ClientHelloRSA / ε | Empty]
Dec 09, 2017 4:37:09 PM de.learnlib.logging.LearnLogger logQuery
INFO: [ε | ε / ε | ε]
Dec 09, 2017 4:37:09 PM de.learnlib.logging.LearnLogger logQuery
INFO: [ε | ClientHelloRSA / ε | Empty]
Dec 09, 2017 4:37:25 PM de.learnlib.logging.LearnLogger logQuery
INFO: [ε | ε / ε | ε]
Dec 09, 2017 4:37:26 PM de.learnlib.logging.LearnLogger logQuery
INFO: [ε | ClientHelloRSA / ε | Empty]
Dec 09, 2017 4:38:06 PM de.learnlib.logging.LearnLogger logQuery
INFO: [ε | ε / ε | ε]
Dec 09, 2017 4:38:07 PM de.learnlib.logging.LearnLogger logQuery
INFO: [ε | ClientHelloRSA / ε | Empty]
Dec 09, 2017 4:38:26 PM de.learnlib.logging.LearnLogger logQuery
INFO: [ε | ε / ε | ε]
Dec 09, 2017 4:38:26 PM de.learnlib.logging.LearnLogger logQuery
INFO: [ε | ClientHelloRSA / ε | Empty]
Dec 09, 2017 4:38:52 PM de.learnlib.logging.LearnLogger logQuery
INFO: [ε | ε / ε | ε]
Dec 09, 2017 4:38:52 PM de.learnlib.logging.LearnLogger logQuery
INFO: [ε | ClientHelloRSA / ε | Empty]
Dec 09, 2017 4:39:18 PM de.learnlib.logging.LearnLogger logQuery
INFO: [ε | ε / ε | ε]
Dec 09, 2017 4:39:18 PM de.learnlib.logging.LearnLogger logQuery
INFO: [ε | ClientHelloRSA / ε | Empty]
Dec 09, 2017 4:39:40 PM de.learnlib.logging.LearnLogger logQuery
INFO: [ε | ε / ε | ε]
Dec 09, 2017 4:39:40 PM de.learnlib.logging.LearnLogger logQuery
INFO: [ε | ClientHelloRSA / ε | Empty]
Dec 09, 2017 4:39:58 PM de.learnlib.logging.LearnLogger logQuery
INFO: [ε | ε / ε | ε]
Dec 09, 2017 4:39:58 PM de.learnlib.logging.LearnLogger logQuery
INFO: [ε | ClientHelloRSA / ε | Empty]
Dec 09, 2017 4:40:15 PM de.learnlib.logging.LearnLogger logQuery
INFO: [ε | ε / ε | ε]
Dec 09, 2017 4:40:15 PM de.learnlib.logging.LearnLogger logQuery
INFO: [ε | ClientHelloRSA / ε | Empty]
Dec 09, 2017 4:40:38 PM de.learnlib.logging.LearnLogger logQuery
INFO: [ε | ε / ε | ε]
Dec 09, 2017 4:40:38 PM de.learnlib.logging.LearnLogger logQuery
INFO: [ε | ClientHelloRSA / ε | Empty]
Dec 09, 2017 4:41:03 PM de.learnlib.logging.LearnLogger logQuery
INFO: [ε | ε / ε | ε]
Dec 09, 2017 4:41:04 PM de.learnlib.logging.LearnLogger logQuery
INFO: [ε | ClientHelloRSA / ε | Empty]
Dec 09, 2017 4:41:25 PM de.learnlib.logging.LearnLogger logQuery
INFO: [ε | ε / ε | ε]
Dec 09, 2017 4:41:25 PM de.learnlib.logging.LearnLogger logQuery
INFO: [ε | ClientHelloRSA / ε | Empty]
Dec 09, 2017 4:41:40 PM de.learnlib.logging.LearnLogger logQuery
INFO: [ε | ε / ε | ε]
Dec 09, 2017 4:41:40 PM de.learnlib.logging.LearnLogger logQuery
INFO: [ε | ClientHelloRSA / ε | Empty]
Dec 09, 2017 4:42:42 PM de.learnlib.logging.LearnLogger logQuery
INFO: [ε | ε / ε | ε]
Dec 09, 2017 4:42:49 PM de.learnlib.logging.LearnLogger logQuery
INFO: [ε | ClientHelloRSA / ε | HandshakeServerHelloTLSv12HandshakeCertificateHandshakeServerHelloDone]
Dec 09, 2017 4:42:50 PM de.learnlib.logging.LearnLogger logQuery
INFO: [ε | ClientHelloRSA ClientHelloRSA / ε | Empty Empty]
Dec 09, 2017 4:43:30 PM de.learnlib.logging.LearnLogger logQuery
INFO: [ε | ε / ε | ε]
Dec 09, 2017 4:43:30 PM de.learnlib.logging.LearnLogger logQuery
INFO: [ε | ClientHelloRSA / ε | HandshakeServerHelloTLSv12HandshakeCertificateHandshakeServerHelloDone]
Dec 09, 2017 4:43:30 PM de.learnlib.logging.LearnLogger logQuery
INFO: [ε | ClientHelloRSA ClientHelloRSA / ε | HandshakeServerHelloTLSv12HandshakeCertificateHandshakeServerHelloDone Alert2.10ConnectionClosed]
Dec 09, 2017 4:43:32 PM de.learnlib.logging.LearnLogger logQuery
INFO: [ε | ClientHelloRSA ClientKeyExchange / ε | HandshakeServerHelloTLSv12HandshakeCertificateHandshakeServerHelloDone Empty]
Dec 09, 2017 4:43:51 PM de.learnlib.logging.LearnLogger logQuery
INFO: [ε | ε / ε | ε]
Dec 09, 2017 4:43:51 PM de.learnlib.logging.LearnLogger logQuery
INFO: [ε | ClientHelloRSA / ε | Empty]
Dec 09, 2017 4:44:10 PM de.learnlib.logging.LearnLogger logQuery
INFO: [ε | ε / ε | ε]
Dec 09, 2017 4:44:10 PM de.learnlib.logging.LearnLogger logQuery
INFO: [ε | ClientHelloRSA / ε | Empty]
Dec 09, 2017 4:44:39 PM de.learnlib.logging.LearnLogger logQuery
INFO: [ε | ε / ε | ε]
Dec 09, 2017 4:44:39 PM de.learnlib.logging.LearnLogger logQuery
INFO: [ε | ClientHelloRSA / ε | Empty]
Dec 09, 2017 4:45:08 PM de.learnlib.logging.LearnLogger logQuery
INFO: [ε | ε / ε | ε]
Dec 09, 2017 4:45:08 PM de.learnlib.logging.LearnLogger logQuery
INFO: [ε | ClientHelloRSA / ε | Empty]
Dec 09, 2017 4:45:25 PM de.learnlib.logging.LearnLogger logQuery
INFO: [ε | ε / ε | ε]
Dec 09, 2017 4:45:25 PM de.learnlib.logging.LearnLogger logQuery
INFO: [ε | ClientHelloRSA / ε | Empty]
Dec 09, 2017 4:45:44 PM de.learnlib.logging.LearnLogger logQuery
INFO: [ε | ε / ε | ε]
Dec 09, 2017 4:45:46 PM de.learnlib.logging.LearnLogger logQuery
INFO: [ε | ClientHelloRSA / ε | HandshakeServerHelloTLSv12HandshakeCertificateHandshakeServerHelloDone]
Dec 09, 2017 4:45:46 PM de.learnlib.logging.LearnLogger logQuery
INFO: [ε | ClientHelloRSA ClientHelloRSA / ε | HandshakeServerHelloTLSv12HandshakeCertificateHandshakeServerHelloDone Alert2.10ConnectionClosed]
Dec 09, 2017 4:45:46 PM de.learnlib.logging.LearnLogger logQuery
INFO: [ε | ClientHelloRSA ClientKeyExchange / ε | Empty HandshakeServerHelloTLSv12HandshakeCertificateHandshakeServerHelloDone]
Dec 09, 2017 4:46:01 PM de.learnlib.logging.LearnLogger logQuery
INFO: [ε | ε / ε | ε]
Dec 09, 2017 4:46:02 PM de.learnlib.logging.LearnLogger logQuery
INFO: [ε | ClientHelloRSA / ε | Empty]
Dec 09, 2017 4:46:29 PM de.learnlib.logging.LearnLogger logQuery
INFO: [ε | ε / ε | ε]
Dec 09, 2017 4:46:30 PM de.learnlib.logging.LearnLogger logQuery
INFO: [ε | ClientHelloRSA / ε | Empty]
Dec 09, 2017 4:46:58 PM de.learnlib.logging.LearnLogger logQuery
INFO: [ε | ε / ε | ε]
Dec 09, 2017 4:46:58 PM de.learnlib.logging.LearnLogger logQuery
INFO: [ε | ClientHelloRSA / ε | Empty]
Dec 09, 2017 4:47:27 PM de.learnlib.logging.LearnLogger logQuery
INFO: [ε | ε / ε | ε]
Dec 09, 2017 4:47:27 PM de.learnlib.logging.LearnLogger logQuery
INFO: [ε | ClientHelloRSA / ε | Empty]
Dec 09, 2017 4:47:51 PM de.learnlib.logging.LearnLogger logQuery
INFO: [ε | ε / ε | ε]
Dec 09, 2017 4:47:51 PM de.learnlib.logging.LearnLogger logQuery
INFO: [ε | ClientHelloRSA / ε | Empty]
Dec 09, 2017 4:48:11 PM de.learnlib.logging.LearnLogger logQuery
INFO: [ε | ε / ε | ε]
Dec 09, 2017 4:48:11 PM de.learnlib.logging.LearnLogger logQuery
INFO: [ε | ClientHelloRSA / ε | Empty]
Dec 09, 2017 4:48:53 PM de.learnlib.logging.LearnLogger logQuery
INFO: [ε | ε / ε | ε]
Dec 09, 2017 4:48:53 PM de.learnlib.logging.LearnLogger logQuery
INFO: [ε | ClientHelloRSA / ε | Empty]
Dec 09, 2017 4:49:18 PM de.learnlib.logging.LearnLogger logQuery
INFO: [ε | ε / ε | ε]
Dec 09, 2017 4:49:18 PM de.learnlib.logging.LearnLogger logQuery
INFO: [ε | ClientHelloRSA / ε | Empty]
Dec 09, 2017 4:49:41 PM de.learnlib.logging.LearnLogger logQuery
INFO: [ε | ε / ε | ε]
Dec 09, 2017 4:49:41 PM de.learnlib.logging.LearnLogger logQuery
INFO: [ε | ClientHelloRSA / ε | Empty]
Dec 09, 2017 4:50:14 PM de.learnlib.logging.LearnLogger logQuery
INFO: [ε | ε / ε | ε]
Dec 09, 2017 4:50:15 PM de.learnlib.logging.LearnLogger logQuery
INFO: [ε | ClientHelloRSA / ε | Empty]
Dec 09, 2017 4:50:40 PM de.learnlib.logging.LearnLogger logQuery
INFO: [ε | ε / ε | ε]
Dec 09, 2017 4:50:40 PM de.learnlib.logging.LearnLogger logQuery
INFO: [ε | ClientHelloRSA / ε | Empty]
Dec 09, 2017 4:51:18 PM de.learnlib.logging.LearnLogger logQuery
INFO: [ε | ε / ε | ε]
Dec 09, 2017 4:51:20 PM de.learnlib.logging.LearnLogger logQuery
INFO: [ε | ClientHelloRSA / ε | Empty]
Dec 09, 2017 4:51:46 PM de.learnlib.logging.LearnLogger logQuery
INFO: [ε | ε / ε | ε]
Dec 09, 2017 4:51:47 PM de.learnlib.logging.LearnLogger logQuery
INFO: [ε | ClientHelloRSA / ε | Empty]
Dec 09, 2017 4:52:14 PM de.learnlib.logging.LearnLogger logQuery
INFO: [ε | ε / ε | ε]
Dec 09, 2017 4:52:15 PM de.learnlib.logging.LearnLogger logQuery
INFO: [ε | ClientHelloRSA / ε | Empty]
Dec 09, 2017 4:52:45 PM de.learnlib.logging.LearnLogger logQuery
INFO: [ε | ε / ε | ε]
Dec 09, 2017 4:52:45 PM de.learnlib.logging.LearnLogger logQuery
INFO: [ε | ClientHelloRSA / ε | Empty]
Dec 09, 2017 4:53:12 PM de.learnlib.logging.LearnLogger logQuery
INFO: [ε | ε / ε | ε]
Dec 09, 2017 4:53:13 PM de.learnlib.logging.LearnLogger logQuery
INFO: [ε | ClientHelloRSA / ε | Empty]
Dec 09, 2017 4:53:36 PM de.learnlib.logging.LearnLogger logQuery
INFO: [ε | ε / ε | ε]
Dec 09, 2017 4:53:36 PM de.learnlib.logging.LearnLogger logQuery
INFO: [ε | ClientHelloRSA / ε | Empty]
Dec 09, 2017 4:54:05 PM de.learnlib.logging.LearnLogger logQuery
INFO: [ε | ε / ε | ε]
Dec 09, 2017 4:54:05 PM de.learnlib.logging.LearnLogger logQuery
INFO: [ε | ClientHelloRSA / ε | Empty]
Dec 09, 2017 4:54:32 PM de.learnlib.logging.LearnLogger logQuery
INFO: [ε | ε / ε | ε]
Dec 09, 2017 4:54:32 PM de.learnlib.logging.LearnLogger logQuery
INFO: [ε | ClientHelloRSA / ε | Empty]
Dec 09, 2017 4:54:54 PM de.learnlib.logging.LearnLogger logQuery
INFO: [ε | ε / ε | ε]
Dec 09, 2017 4:54:54 PM de.learnlib.logging.LearnLogger logQuery
INFO: [ε | ClientHelloRSA / ε | Empty]
Dec 09, 2017 4:55:19 PM de.learnlib.logging.LearnLogger logQuery
INFO: [ε | ε / ε | ε]
Dec 09, 2017 4:55:19 PM de.learnlib.logging.LearnLogger logQuery
INFO: [ε | ClientHelloRSA / ε | Empty]
Dec 09, 2017 4:55:38 PM de.learnlib.logging.LearnLogger logQuery
INFO: [ε | ε / ε | ε]
Dec 09, 2017 4:55:38 PM de.learnlib.logging.LearnLogger logQuery
INFO: [ε | ClientHelloRSA / ε | Empty]
Dec 09, 2017 4:56:13 PM de.learnlib.logging.LearnLogger logQuery
INFO: [ε | ε / ε | ε]
Dec 09, 2017 4:56:14 PM de.learnlib.logging.LearnLogger logQuery
INFO: [ε | ClientHelloRSA / ε | Empty]
Dec 09, 2017 4:56:31 PM de.learnlib.logging.LearnLogger logQuery
INFO: [ε | ε / ε | ε]
Dec 09, 2017 4:56:31 PM de.learnlib.logging.LearnLogger logQuery
INFO: [ε | ClientHelloRSA / ε | Empty]
Dec 09, 2017 4:57:00 PM de.learnlib.logging.LearnLogger logQuery
INFO: [ε | ε / ε | ε]
Dec 09, 2017 4:57:01 PM de.learnlib.logging.LearnLogger logQuery
INFO: [ε | ClientHelloRSA / ε | Empty]
Dec 09, 2017 4:57:22 PM de.learnlib.logging.LearnLogger logQuery
INFO: [ε | ε / ε | ε]
Dec 09, 2017 4:57:22 PM de.learnlib.logging.LearnLogger logQuery
INFO: [ε | ClientHelloRSA / ε | Empty]
Dec 09, 2017 4:57:42 PM de.learnlib.logging.LearnLogger logQuery
INFO: [ε | ε / ε | ε]
Dec 09, 2017 4:57:42 PM de.learnlib.logging.LearnLogger logQuery
INFO: [ε | ClientHelloRSA / ε | Empty]
Dec 09, 2017 4:58:18 PM de.learnlib.logging.LearnLogger logQuery
INFO: [ε | ε / ε | ε]
Dec 09, 2017 4:58:19 PM de.learnlib.logging.LearnLogger logQuery
INFO: [ε | ClientHelloRSA / ε | Empty]
Dec 09, 2017 4:58:47 PM de.learnlib.logging.LearnLogger logQuery
INFO: [ε | ε / ε | ε]
Dec 09, 2017 4:58:47 PM de.learnlib.logging.LearnLogger logQuery
INFO: [ε | ClientHelloRSA / ε | Empty]
Dec 09, 2017 4:59:34 PM de.learnlib.logging.LearnLogger logQuery
INFO: [ε | ε / ε | ε]
Dec 09, 2017 4:59:54 PM de.learnlib.logging.LearnLogger logQuery
INFO: [ε | ClientHelloRSA / ε | HandshakeServerHelloTLSv12HandshakeCertificateHandshakeServerHelloDone]
Dec 09, 2017 4:59:55 PM de.learnlib.logging.LearnLogger logQuery
INFO: [ε | ClientHelloRSA ClientHelloRSA / ε | HandshakeServerHelloTLSv12HandshakeCertificateHandshakeServerHelloDone Alert2.10ConnectionClosed]
Dec 09, 2017 4:59:55 PM de.learnlib.logging.LearnLogger logQuery
INFO: [ε | ClientHelloRSA ClientKeyExchange / ε | Empty HandshakeServerHelloTLSv12HandshakeCertificateHandshakeServerHelloDone]
Dec 09, 2017 5:00:27 PM de.learnlib.logging.LearnLogger logQuery
INFO: [ε | ε / ε | ε]
Dec 09, 2017 5:00:27 PM de.learnlib.logging.LearnLogger logQuery
INFO: [ε | ClientHelloRSA / ε | Empty]
Dec 09, 2017 5:00:41 PM de.learnlib.logging.LearnLogger logQuery
INFO: [ε | ε / ε | ε]
Dec 09, 2017 5:00:41 PM de.learnlib.logging.LearnLogger logQuery
INFO: [ε | ClientHelloRSA / ε | Empty]
Dec 09, 2017 5:01:04 PM de.learnlib.logging.LearnLogger logQuery
INFO: [ε | ε / ε | ε]
Dec 09, 2017 5:01:04 PM de.learnlib.logging.LearnLogger logQuery
INFO: [ε | ClientHelloRSA / ε | Empty]
Dec 09, 2017 5:01:33 PM de.learnlib.logging.LearnLogger logQuery
INFO: [ε | ε / ε | ε]
Dec 09, 2017 5:01:33 PM de.learnlib.logging.LearnLogger logQuery
INFO: [ε | ClientHelloRSA / ε | Empty]
Dec 09, 2017 5:02:13 PM de.learnlib.logging.LearnLogger logQuery
INFO: [ε | ε / ε | ε]
Dec 09, 2017 5:02:14 PM de.learnlib.logging.LearnLogger logQuery
INFO: [ε | ClientHelloRSA / ε | Empty]
Dec 09, 2017 5:02:47 PM de.learnlib.logging.LearnLogger logQuery
INFO: [ε | ε / ε | ε]
Dec 09, 2017 5:02:47 PM de.learnlib.logging.LearnLogger logQuery
INFO: [ε | ClientHelloRSA / ε | Empty]
Dec 09, 2017 5:03:16 PM de.learnlib.logging.LearnLogger logQuery
INFO: [ε | ε / ε | ε]
Dec 09, 2017 5:03:17 PM de.learnlib.logging.LearnLogger logQuery
INFO: [ε | ClientHelloRSA / ε | Empty]
Dec 09, 2017 5:03:40 PM de.learnlib.logging.LearnLogger logQuery
INFO: [ε | ε / ε | ε]
Dec 09, 2017 5:03:41 PM de.learnlib.logging.LearnLogger logQuery
INFO: [ε | ClientHelloRSA / ε | Empty]
Dec 09, 2017 5:04:07 PM de.learnlib.logging.LearnLogger logQuery
INFO: [ε | ε / ε | ε]
Dec 09, 2017 5:04:09 PM de.learnlib.logging.LearnLogger logQuery
INFO: [ε | ClientHelloRSA / ε | Empty]
Dec 09, 2017 5:04:53 PM de.learnlib.logging.LearnLogger logQuery
INFO: [ε | ε / ε | ε]
Dec 09, 2017 5:04:54 PM de.learnlib.logging.LearnLogger logQuery
INFO: [ε | ClientHelloRSA / ε | Empty]
Dec 09, 2017 5:05:34 PM de.learnlib.logging.LearnLogger logQuery
INFO: [ε | ε / ε | ε]
Dec 09, 2017 5:05:35 PM de.learnlib.logging.LearnLogger logQuery
INFO: [ε | ClientHelloRSA / ε | Empty]
Dec 09, 2017 5:05:43 PM de.learnlib.logging.LearnLogger logQuery
INFO: [ε | ε / ε | ε]
Dec 09, 2017 5:05:43 PM de.learnlib.logging.LearnLogger logQuery
INFO: [ε | ClientHelloRSA / ε | Empty]
Dec 09, 2017 5:06:15 PM de.learnlib.logging.LearnLogger logQuery
INFO: [ε | ε / ε | ε]
Dec 09, 2017 5:06:16 PM de.learnlib.logging.LearnLogger logQuery
INFO: [ε | ClientHelloRSA / ε | Empty]
Dec 09, 2017 5:06:54 PM de.learnlib.logging.LearnLogger logQuery
INFO: [ε | ε / ε | ε]
Dec 09, 2017 5:06:54 PM de.learnlib.logging.LearnLogger logQuery
INFO: [ε | ClientHelloRSA / ε | Empty]
Dec 09, 2017 5:07:31 PM de.learnlib.logging.LearnLogger logQuery
INFO: [ε | ε / ε | ε]
Dec 09, 2017 5:07:32 PM de.learnlib.logging.LearnLogger logQuery
INFO: [ε | ClientHelloRSA / ε | Empty]
Dec 09, 2017 5:08:14 PM de.learnlib.logging.LearnLogger logQuery
INFO: [ε | ε / ε | ε]
Dec 09, 2017 5:08:15 PM de.learnlib.logging.LearnLogger logQuery
INFO: [ε | ClientHelloRSA / ε | Empty]
Dec 09, 2017 5:08:49 PM de.learnlib.logging.LearnLogger logQuery
INFO: [ε | ε / ε | ε]
Dec 09, 2017 5:08:49 PM de.learnlib.logging.LearnLogger logQuery
INFO: [ε | ClientHelloRSA / ε | Empty]
Dec 09, 2017 5:09:34 PM de.learnlib.logging.LearnLogger logQuery
INFO: [ε | ε / ε | ε]
Dec 09, 2017 5:09:38 PM de.learnlib.logging.LearnLogger logQuery
INFO: [ε | ClientHelloRSA / ε | Empty]
Dec 09, 2017 5:10:14 PM de.learnlib.logging.LearnLogger logQuery
INFO: [ε | ε / ε | ε]
Dec 09, 2017 5:10:15 PM de.learnlib.logging.LearnLogger logQuery
INFO: [ε | ClientHelloRSA / ε | Empty]
Dec 09, 2017 5:10:47 PM de.learnlib.logging.LearnLogger logQuery
INFO: [ε | ε / ε | ε]
Dec 09, 2017 5:10:47 PM de.learnlib.logging.LearnLogger logQuery
INFO: [ε | ClientHelloRSA / ε | Empty]
Dec 09, 2017 5:11:18 PM de.learnlib.logging.LearnLogger logQuery
INFO: [ε | ε / ε | ε]
Dec 09, 2017 5:11:18 PM de.learnlib.logging.LearnLogger logQuery
INFO: [ε | ClientHelloRSA / ε | Empty]
Dec 09, 2017 5:11:47 PM de.learnlib.logging.LearnLogger logQuery
INFO: [ε | ε / ε | ε]
Dec 09, 2017 5:11:47 PM de.learnlib.logging.LearnLogger logQuery
INFO: [ε | ClientHelloRSA / ε | Empty]
Dec 09, 2017 5:12:20 PM de.learnlib.logging.LearnLogger logQuery
INFO: [ε | ε / ε | ε]
Dec 09, 2017 5:12:22 PM de.learnlib.logging.LearnLogger logQuery
INFO: [ε | ClientHelloRSA / ε | Empty]
Dec 09, 2017 5:12:48 PM de.learnlib.logging.LearnLogger logQuery
INFO: [ε | ε / ε | ε]
Dec 09, 2017 5:12:48 PM de.learnlib.logging.LearnLogger logQuery
INFO: [ε | ClientHelloRSA / ε | Empty]
Dec 09, 2017 5:13:17 PM de.learnlib.logging.LearnLogger logQuery
INFO: [ε | ε / ε | ε]
Dec 09, 2017 5:13:18 PM de.learnlib.logging.LearnLogger logQuery
INFO: [ε | ClientHelloRSA / ε | Empty]
Dec 09, 2017 5:13:55 PM de.learnlib.logging.LearnLogger logQuery
INFO: [ε | ε / ε | ε]
Dec 09, 2017 5:14:00 PM de.learnlib.logging.LearnLogger logQuery
INFO: [ε | ClientHelloRSA / ε | Empty]
Dec 09, 2017 5:14:37 PM de.learnlib.logging.LearnLogger logQuery
INFO: [ε | ε / ε | ε]
Dec 09, 2017 5:14:40 PM de.learnlib.logging.LearnLogger logQuery
INFO: [ε | ClientHelloRSA / ε | Empty]
Dec 09, 2017 5:15:16 PM de.learnlib.logging.LearnLogger logQuery
INFO: [ε | ε / ε | ε]
Dec 09, 2017 5:15:18 PM de.learnlib.logging.LearnLogger logQuery
INFO: [ε | ClientHelloRSA / ε | Empty]
Dec 09, 2017 5:15:58 PM de.learnlib.logging.LearnLogger logQuery
INFO: [ε | ε / ε | ε]
Dec 09, 2017 5:16:03 PM de.learnlib.logging.LearnLogger logQuery
INFO: [ε | ClientHelloRSA / ε | Empty]
Dec 09, 2017 5:16:25 PM de.learnlib.logging.LearnLogger logQuery
INFO: [ε | ε / ε | ε]
Dec 09, 2017 5:16:25 PM de.learnlib.logging.LearnLogger logQuery
INFO: [ε | ClientHelloRSA / ε | Empty]
Dec 09, 2017 5:16:54 PM de.learnlib.logging.LearnLogger logQuery
INFO: [ε | ε / ε | ε]
Dec 09, 2017 5:16:55 PM de.learnlib.logging.LearnLogger logQuery
INFO: [ε | ClientHelloRSA / ε | Empty]
Dec 09, 2017 5:17:24 PM de.learnlib.logging.LearnLogger logQuery
INFO: [ε | ε / ε | ε]
Dec 09, 2017 5:17:25 PM de.learnlib.logging.LearnLogger logQuery
INFO: [ε | ClientHelloRSA / ε | Empty]
Dec 09, 2017 5:17:49 PM de.learnlib.logging.LearnLogger logQuery
INFO: [ε | ε / ε | ε]
Dec 09, 2017 5:17:50 PM de.learnlib.logging.LearnLogger logQuery
INFO: [ε | ClientHelloRSA / ε | Empty]
Dec 09, 2017 5:18:28 PM de.learnlib.logging.LearnLogger logQuery
INFO: [ε | ε / ε | ε]
Dec 09, 2017 5:18:29 PM de.learnlib.logging.LearnLogger logQuery
INFO: [ε | ClientHelloRSA / ε | Empty]
Dec 09, 2017 5:18:58 PM de.learnlib.logging.LearnLogger logQuery
INFO: [ε | ε / ε | ε]
Dec 09, 2017 5:18:58 PM de.learnlib.logging.LearnLogger logQuery
INFO: [ε | ClientHelloRSA / ε | Empty]
Dec 09, 2017 5:19:28 PM de.learnlib.logging.LearnLogger logQuery
INFO: [ε | ε / ε | ε]
Dec 09, 2017 5:19:29 PM de.learnlib.logging.LearnLogger logQuery
INFO: [ε | ClientHelloRSA / ε | Empty]
Dec 09, 2017 5:20:02 PM de.learnlib.logging.LearnLogger logQuery
INFO: [ε | ε / ε | ε]
Dec 09, 2017 5:20:02 PM de.learnlib.logging.LearnLogger logQuery
INFO: [ε | ClientHelloRSA / ε | Empty]
Dec 09, 2017 5:20:34 PM de.learnlib.logging.LearnLogger logQuery
INFO: [ε | ε / ε | ε]
Dec 09, 2017 5:20:36 PM de.learnlib.logging.LearnLogger logQuery
INFO: [ε | ClientHelloRSA / ε | Empty]
Dec 09, 2017 5:21:12 PM de.learnlib.logging.LearnLogger logQuery
INFO: [ε | ε / ε | ε]
Dec 09, 2017 5:21:12 PM de.learnlib.logging.LearnLogger logQuery
INFO: [ε | ClientHelloRSA / ε | Empty]
Dec 09, 2017 5:21:56 PM de.learnlib.logging.LearnLogger logQuery
INFO: [ε | ε / ε | ε]
Dec 09, 2017 5:21:58 PM de.learnlib.logging.LearnLogger logQuery
INFO: [ε | ClientHelloRSA / ε | Empty]
Dec 09, 2017 5:22:33 PM de.learnlib.logging.LearnLogger logQuery
INFO: [ε | ε / ε | ε]
Dec 09, 2017 5:22:34 PM de.learnlib.logging.LearnLogger logQuery
INFO: [ε | ClientHelloRSA / ε | Empty]
Dec 09, 2017 5:23:16 PM de.learnlib.logging.LearnLogger logQuery
INFO: [ε | ε / ε | ε]
Dec 09, 2017 5:23:16 PM de.learnlib.logging.LearnLogger logQuery
INFO: [ε | ClientHelloRSA / ε | Empty]
Dec 09, 2017 5:23:34 PM de.learnlib.logging.LearnLogger logQuery
INFO: [ε | ε / ε | ε]
Dec 09, 2017 5:23:34 PM de.learnlib.logging.LearnLogger logQuery
INFO: [ε | ClientHelloRSA / ε | Empty]
Dec 09, 2017 5:24:17 PM de.learnlib.logging.LearnLogger logQuery
INFO: [ε | ε / ε | ε]
Dec 09, 2017 5:24:18 PM de.learnlib.logging.LearnLogger logQuery
INFO: [ε | ClientHelloRSA / ε | Empty]
Dec 09, 2017 5:25:00 PM de.learnlib.logging.LearnLogger logQuery
INFO: [ε | ε / ε | ε]
Dec 09, 2017 5:25:03 PM de.learnlib.logging.LearnLogger logQuery
INFO: [ε | ClientHelloRSA / ε | Empty]
Dec 09, 2017 5:25:35 PM de.learnlib.logging.LearnLogger logQuery
INFO: [ε | ε / ε | ε]
Dec 09, 2017 5:25:37 PM de.learnlib.logging.LearnLogger logQuery
INFO: [ε | ClientHelloRSA / ε | HandshakeServerHelloTLSv12HandshakeCertificateHandshakeServerHelloDone]
Dec 09, 2017 5:25:37 PM de.learnlib.logging.LearnLogger logQuery
INFO: [ε | ClientHelloRSA ClientHelloRSA / ε | Empty HandshakeServerHelloTLSv12HandshakeCertificateHandshakeServerHelloDoneAlert2.10ConnectionClosed]
Dec 09, 2017 5:26:15 PM de.learnlib.logging.LearnLogger logQuery
INFO: [ε | ε / ε | ε]
Dec 09, 2017 5:26:18 PM de.learnlib.logging.LearnLogger logQuery
INFO: [ε | ClientHelloRSA / ε | HandshakeServerHelloTLSv12HandshakeCertificateHandshakeServerHelloDone]
Dec 09, 2017 5:26:18 PM de.learnlib.logging.LearnLogger logQuery
INFO: [ε | ClientHelloRSA ClientHelloRSA / ε | HandshakeServerHelloTLSv12HandshakeCertificateHandshakeServerHelloDone Alert2.10ConnectionClosed]
Dec 09, 2017 5:26:20 PM de.learnlib.logging.LearnLogger logQuery
INFO: [ε | ClientHelloRSA ClientKeyExchange / ε | HandshakeServerHelloTLSv12HandshakeCertificateHandshakeServerHelloDone Empty]
Dec 09, 2017 5:27:08 PM de.learnlib.logging.LearnLogger logQuery
INFO: [ε | ε / ε | ε]
Dec 09, 2017 5:27:12 PM de.learnlib.logging.LearnLogger logQuery
INFO: [ε | ClientHelloRSA / ε | Empty]
Dec 09, 2017 5:27:56 PM de.learnlib.logging.LearnLogger logQuery
INFO: [ε | ε / ε | ε]
Dec 09, 2017 5:27:57 PM de.learnlib.logging.LearnLogger logQuery
INFO: [ε | ClientHelloRSA / ε | Empty]
Dec 09, 2017 5:28:48 PM de.learnlib.logging.LearnLogger logQuery
INFO: [ε | ε / ε | ε]
Dec 09, 2017 5:28:49 PM de.learnlib.logging.LearnLogger logQuery
INFO: [ε | ClientHelloRSA / ε | Empty]
Dec 09, 2017 5:29:15 PM de.learnlib.logging.LearnLogger logQuery
INFO: [ε | ε / ε | ε]
Dec 09, 2017 5:29:18 PM de.learnlib.logging.LearnLogger logQuery
INFO: [ε | ClientHelloRSA / ε | Empty]
Dec 09, 2017 5:29:50 PM de.learnlib.logging.LearnLogger logQuery
INFO: [ε | ε / ε | ε]
Dec 09, 2017 5:29:50 PM de.learnlib.logging.LearnLogger logQuery
INFO: [ε | ClientHelloRSA / ε | Empty]
Dec 09, 2017 5:30:23 PM de.learnlib.logging.LearnLogger logQuery
INFO: [ε | ε / ε | ε]
Dec 09, 2017 5:30:26 PM de.learnlib.logging.LearnLogger logQuery
INFO: [ε | ClientHelloRSA / ε | Empty]
Dec 09, 2017 5:31:04 PM de.learnlib.logging.LearnLogger logQuery
INFO: [ε | ε / ε | ε]
Dec 09, 2017 5:31:05 PM de.learnlib.logging.LearnLogger logQuery
INFO: [ε | ClientHelloRSA / ε | Empty]
Dec 09, 2017 5:31:40 PM de.learnlib.logging.LearnLogger logQuery
INFO: [ε | ε / ε | ε]
Dec 09, 2017 5:31:40 PM de.learnlib.logging.LearnLogger logQuery
INFO: [ε | ClientHelloRSA / ε | Empty]
Dec 09, 2017 5:32:25 PM de.learnlib.logging.LearnLogger logQuery
INFO: [ε | ε / ε | ε]
Dec 09, 2017 5:32:26 PM de.learnlib.logging.LearnLogger logQuery
INFO: [ε | ClientHelloRSA / ε | Empty]
Dec 09, 2017 5:33:20 PM de.learnlib.logging.LearnLogger logQuery
INFO: [ε | ε / ε | ε]
Dec 09, 2017 5:33:22 PM de.learnlib.logging.LearnLogger logQuery
INFO: [ε | ClientHelloRSA / ε | Empty]
Dec 09, 2017 5:34:07 PM de.learnlib.logging.LearnLogger logQuery
INFO: [ε | ε / ε | ε]
Dec 09, 2017 5:34:07 PM de.learnlib.logging.LearnLogger logQuery
INFO: [ε | ClientHelloRSA / ε | Empty]
Dec 09, 2017 5:34:55 PM de.learnlib.logging.LearnLogger logQuery
INFO: [ε | ε / ε | ε]
Dec 09, 2017 5:34:59 PM de.learnlib.logging.LearnLogger logQuery
INFO: [ε | ClientHelloRSA / ε | HandshakeServerHelloTLSv12HandshakeCertificateHandshakeServerHelloDone]
Dec 09, 2017 5:35:05 PM de.learnlib.logging.LearnLogger logQuery
INFO: [ε | ClientHelloRSA ClientHelloRSA / ε | Empty Empty]
Dec 09, 2017 5:35:53 PM de.learnlib.logging.LearnLogger logQuery
INFO: [ε | ε / ε | ε]
Dec 09, 2017 5:35:56 PM de.learnlib.logging.LearnLogger logQuery
INFO: [ε | ClientHelloRSA / ε | HandshakeServerHelloTLSv12HandshakeCertificateHandshakeServerHelloDone]
Dec 09, 2017 5:35:56 PM de.learnlib.logging.LearnLogger logQuery
INFO: [ε | ClientHelloRSA ClientHelloRSA / ε | Empty Empty]
Dec 09, 2017 5:36:39 PM de.learnlib.logging.LearnLogger logQuery
INFO: [ε | ε / ε | ε]
Dec 09, 2017 5:36:41 PM de.learnlib.logging.LearnLogger logQuery
INFO: [ε | ClientHelloRSA / ε | Empty]
Dec 09, 2017 5:37:24 PM de.learnlib.logging.LearnLogger logQuery
INFO: [ε | ε / ε | ε]
Dec 09, 2017 5:37:25 PM de.learnlib.logging.LearnLogger logQuery
INFO: [ε | ClientHelloRSA / ε | Empty]
Dec 09, 2017 5:38:11 PM de.learnlib.logging.LearnLogger logQuery
INFO: [ε | ε / ε | ε]
Dec 09, 2017 5:38:12 PM de.learnlib.logging.LearnLogger logQuery
INFO: [ε | ClientHelloRSA / ε | Empty]
Dec 09, 2017 5:39:13 PM de.learnlib.logging.LearnLogger logQuery
INFO: [ε | ε / ε | ε]
Dec 09, 2017 5:39:15 PM de.learnlib.logging.LearnLogger logQuery
INFO: [ε | ClientHelloRSA / ε | Empty]
Dec 09, 2017 5:40:11 PM de.learnlib.logging.LearnLogger logQuery
INFO: [ε | ε / ε | ε]
Dec 09, 2017 5:40:13 PM de.learnlib.logging.LearnLogger logQuery
INFO: [ε | ClientHelloRSA / ε | Empty]
Dec 09, 2017 5:41:29 PM de.learnlib.logging.LearnLogger logQuery
INFO: [ε | ε / ε | ε]
Dec 09, 2017 5:41:38 PM de.learnlib.logging.LearnLogger logQuery
INFO: [ε | ClientHelloRSA / ε | Empty]
Dec 09, 2017 5:43:04 PM de.learnlib.logging.LearnLogger logQuery
INFO: [ε | ε / ε | ε]
Dec 09, 2017 5:43:08 PM de.learnlib.logging.LearnLogger logQuery
INFO: [ε | ClientHelloRSA / ε | Empty]
Dec 09, 2017 5:44:16 PM de.learnlib.logging.LearnLogger logQuery
INFO: [ε | ε / ε | ε]
Dec 09, 2017 5:44:22 PM de.learnlib.logging.LearnLogger logQuery
INFO: [ε | ClientHelloRSA / ε | Empty]
Dec 09, 2017 5:45:49 PM de.learnlib.logging.LearnLogger logQuery
INFO: [ε | ε / ε | ε]
Dec 09, 2017 5:45:53 PM de.learnlib.logging.LearnLogger logQuery
INFO: [ε | ClientHelloRSA / ε | Empty]
Dec 09, 2017 5:47:28 PM de.learnlib.logging.LearnLogger logQuery
INFO: [ε | ε / ε | ε]
Dec 09, 2017 5:47:36 PM de.learnlib.logging.LearnLogger logQuery
INFO: [ε | ClientHelloRSA / ε | Empty]
Dec 09, 2017 5:49:45 PM de.learnlib.logging.LearnLogger logQuery
INFO: [ε | ε / ε | ε]
Dec 09, 2017 5:49:49 PM de.learnlib.logging.LearnLogger logQuery
INFO: [ε | ClientHelloRSA / ε | Empty]
Dec 09, 2017 5:51:02 PM de.learnlib.logging.LearnLogger logQuery
INFO: [ε | ε / ε | ε]
Dec 09, 2017 5:51:05 PM de.learnlib.logging.LearnLogger logQuery
INFO: [ε | ClientHelloRSA / ε | Empty]
Dec 09, 2017 5:52:45 PM de.learnlib.logging.LearnLogger logQuery
INFO: [ε | ε / ε | ε]
Dec 09, 2017 5:52:52 PM de.learnlib.logging.LearnLogger logQuery
INFO: [ε | ClientHelloRSA / ε | Empty]
Dec 09, 2017 5:53:27 PM de.learnlib.logging.LearnLogger logQuery
INFO: [ε | ε / ε | ε]
Dec 09, 2017 5:53:30 PM de.learnlib.logging.LearnLogger logQuery
INFO: [ε | ClientHelloRSA / ε | Empty]
Dec 09, 2017 5:54:33 PM de.learnlib.logging.LearnLogger logQuery
INFO: [ε | ε / ε | ε]
Dec 09, 2017 5:54:36 PM de.learnlib.logging.LearnLogger logQuery
INFO: [ε | ClientHelloRSA / ε | Empty]
Dec 09, 2017 5:55:49 PM de.learnlib.logging.LearnLogger logQuery
INFO: [ε | ε / ε | ε]
Dec 09, 2017 5:55:53 PM de.learnlib.logging.LearnLogger logQuery
INFO: [ε | ClientHelloRSA / ε | Empty]
Dec 09, 2017 5:57:37 PM de.learnlib.logging.LearnLogger logQuery
INFO: [ε | ε / ε | ε]
Dec 09, 2017 5:57:38 PM de.learnlib.logging.LearnLogger logQuery
INFO: [ε | ClientHelloRSA / ε | Empty]
Dec 09, 2017 5:58:58 PM de.learnlib.logging.LearnLogger logQuery
INFO: [ε | ε / ε | ε]
Dec 09, 2017 5:59:01 PM de.learnlib.logging.LearnLogger logQuery
INFO: [ε | ClientHelloRSA / ε | Empty]
Dec 09, 2017 5:59:49 PM de.learnlib.logging.LearnLogger logQuery
INFO: [ε | ε / ε | ε]
Dec 09, 2017 5:59:50 PM de.learnlib.logging.LearnLogger logQuery
INFO: [ε | ClientHelloRSA / ε | Empty]
Dec 09, 2017 6:00:34 PM de.learnlib.logging.LearnLogger logQuery
INFO: [ε | ε / ε | ε]
Dec 09, 2017 6:00:34 PM de.learnlib.logging.LearnLogger logQuery
INFO: [ε | ClientHelloRSA / ε | Empty]
Dec 09, 2017 6:01:00 PM de.learnlib.logging.LearnLogger logQuery
INFO: [ε | ε / ε | ε]
Dec 09, 2017 6:01:02 PM de.learnlib.logging.LearnLogger logQuery
INFO: [ε | ClientHelloRSA / ε | Empty]
Dec 09, 2017 6:01:26 PM de.learnlib.logging.LearnLogger logQuery
INFO: [ε | ε / ε | ε]
Dec 09, 2017 6:01:26 PM de.learnlib.logging.LearnLogger logQuery
INFO: [ε | ClientHelloRSA / ε | Empty]
Dec 09, 2017 6:01:59 PM de.learnlib.logging.LearnLogger logQuery
INFO: [ε | ε / ε | ε]
Dec 09, 2017 6:02:00 PM de.learnlib.logging.LearnLogger logQuery
INFO: [ε | ClientHelloRSA / ε | HandshakeServerHelloTLSv12HandshakeCertificateHandshakeServerHelloDone]
Dec 09, 2017 6:02:00 PM de.learnlib.logging.LearnLogger logQuery
INFO: [ε | ClientHelloRSA ClientHelloRSA / ε | HandshakeServerHelloTLSv12HandshakeCertificateHandshakeServerHelloDone Alert2.10ConnectionClosed]
Dec 09, 2017 6:02:01 PM de.learnlib.logging.LearnLogger logQuery
INFO: [ε | ClientHelloRSA ClientKeyExchange / ε | HandshakeServerHelloTLSv12HandshakeCertificateHandshakeServerHelloDone Empty]
Dec 09, 2017 6:02:40 PM de.learnlib.logging.LearnLogger logQuery
INFO: [ε | ε / ε | ε]
Dec 09, 2017 6:02:42 PM de.learnlib.logging.LearnLogger logQuery
INFO: [ε | ClientHelloRSA / ε | Empty]
Dec 09, 2017 6:03:18 PM de.learnlib.logging.LearnLogger logQuery
INFO: [ε | ε / ε | ε]
Dec 09, 2017 6:03:21 PM de.learnlib.logging.LearnLogger logQuery
INFO: [ε | ClientHelloRSA / ε | Empty]
Dec 09, 2017 6:04:06 PM de.learnlib.logging.LearnLogger logQuery
INFO: [ε | ε / ε | ε]
Dec 09, 2017 6:04:09 PM de.learnlib.logging.LearnLogger logQuery
INFO: [ε | ClientHelloRSA / ε | HandshakeServerHelloTLSv12HandshakeCertificateHandshakeServerHelloDone]
Dec 09, 2017 6:04:09 PM de.learnlib.logging.LearnLogger logQuery
INFO: [ε | ClientHelloRSA ClientHelloRSA / ε | HandshakeServerHelloTLSv12HandshakeCertificateHandshakeServerHelloDone Alert2.10ConnectionClosed]
Dec 09, 2017 6:04:09 PM de.learnlib.logging.LearnLogger logQuery
INFO: [ε | ClientHelloRSA ClientKeyExchange / ε | HandshakeServerHelloTLSv12HandshakeCertificateHandshakeServerHelloDone Empty]
Dec 09, 2017 6:04:57 PM de.learnlib.logging.LearnLogger logQuery
INFO: [ε | ε / ε | ε]
Dec 09, 2017 6:04:58 PM de.learnlib.logging.LearnLogger logQuery
INFO: [ε | ClientHelloRSA / ε | Empty]
Dec 09, 2017 6:05:47 PM de.learnlib.logging.LearnLogger logQuery
INFO: [ε | ε / ε | ε]
Dec 09, 2017 6:05:48 PM de.learnlib.logging.LearnLogger logQuery
INFO: [ε | ClientHelloRSA / ε | Empty]
Dec 09, 2017 6:06:37 PM de.learnlib.logging.LearnLogger logQuery
INFO: [ε | ε / ε | ε]
Dec 09, 2017 6:06:39 PM de.learnlib.logging.LearnLogger logQuery
INFO: [ε | ClientHelloRSA / ε | Empty]
Dec 09, 2017 6:07:43 PM de.learnlib.logging.LearnLogger logQuery
INFO: [ε | ε / ε | ε]
Dec 09, 2017 6:07:44 PM de.learnlib.logging.LearnLogger logQuery
INFO: [ε | ClientHelloRSA / ε | Empty]
Dec 09, 2017 6:08:22 PM de.learnlib.logging.LearnLogger logQuery
INFO: [ε | ε / ε | ε]
Dec 09, 2017 6:08:23 PM de.learnlib.logging.LearnLogger logQuery
INFO: [ε | ClientHelloRSA / ε | Empty]
Dec 09, 2017 6:08:54 PM de.learnlib.logging.LearnLogger logQuery
INFO: [ε | ε / ε | ε]
Dec 09, 2017 6:08:54 PM de.learnlib.logging.LearnLogger logQuery
INFO: [ε | ClientHelloRSA / ε | Empty]
Dec 09, 2017 6:09:24 PM de.learnlib.logging.LearnLogger logQuery
INFO: [ε | ε / ε | ε]
Dec 09, 2017 6:09:26 PM de.learnlib.logging.LearnLogger logQuery
INFO: [ε | ClientHelloRSA / ε | Empty]
Dec 09, 2017 6:09:50 PM de.learnlib.logging.LearnLogger logQuery
INFO: [ε | ε / ε | ε]
Dec 09, 2017 6:09:50 PM de.learnlib.logging.LearnLogger logQuery
INFO: [ε | ClientHelloRSA / ε | Empty]
Dec 09, 2017 6:10:17 PM de.learnlib.logging.LearnLogger logQuery
INFO: [ε | ε / ε | ε]
Dec 09, 2017 6:10:17 PM de.learnlib.logging.LearnLogger logQuery
INFO: [ε | ClientHelloRSA / ε | Empty]
Dec 09, 2017 6:10:43 PM de.learnlib.logging.LearnLogger logQuery
INFO: [ε | ε / ε | ε]
Dec 09, 2017 6:10:43 PM de.learnlib.logging.LearnLogger logQuery
INFO: [ε | ClientHelloRSA / ε | Empty]
Dec 09, 2017 6:11:22 PM de.learnlib.logging.LearnLogger logQuery
INFO: [ε | ε / ε | ε]
Dec 09, 2017 6:11:23 PM de.learnlib.logging.LearnLogger logQuery
INFO: [ε | ClientHelloRSA / ε | Empty]
Dec 09, 2017 6:11:51 PM de.learnlib.logging.LearnLogger logQuery
INFO: [ε | ε / ε | ε]
Dec 09, 2017 6:11:51 PM de.learnlib.logging.LearnLogger logQuery
INFO: [ε | ClientHelloRSA / ε | Empty]
Dec 09, 2017 6:12:16 PM de.learnlib.logging.LearnLogger logQuery
INFO: [ε | ε / ε | ε]
Dec 09, 2017 6:12:20 PM de.learnlib.logging.LearnLogger logQuery
INFO: [ε | ClientHelloRSA / ε | Empty]
Dec 09, 2017 6:12:52 PM de.learnlib.logging.LearnLogger logQuery
INFO: [ε | ε / ε | ε]
Dec 09, 2017 6:12:53 PM de.learnlib.logging.LearnLogger logQuery
INFO: [ε | ClientHelloRSA / ε | Empty]
Dec 09, 2017 6:13:25 PM de.learnlib.logging.LearnLogger logQuery
INFO: [ε | ε / ε | ε]
Dec 09, 2017 6:13:27 PM de.learnlib.logging.LearnLogger logQuery
INFO: [ε | ClientHelloRSA / ε | Empty]
Dec 09, 2017 6:13:57 PM de.learnlib.logging.LearnLogger logQuery
INFO: [ε | ε / ε | ε]
Dec 09, 2017 6:13:59 PM de.learnlib.logging.LearnLogger logQuery
INFO: [ε | ClientHelloRSA / ε | Empty]
Dec 09, 2017 6:14:24 PM de.learnlib.logging.LearnLogger logQuery
INFO: [ε | ε / ε | ε]
Dec 09, 2017 6:14:24 PM de.learnlib.logging.LearnLogger logQuery
INFO: [ε | ClientHelloRSA / ε | HandshakeServerHelloTLSv12HandshakeCertificateHandshakeServerHelloDone]
Dec 09, 2017 6:14:24 PM de.learnlib.logging.LearnLogger logQuery
INFO: [ε | ClientHelloRSA ClientHelloRSA / ε | Empty HandshakeServerHelloTLSv12HandshakeCertificateHandshakeServerHelloDoneAlert2.10ConnectionClosed]
Dec 09, 2017 6:14:50 PM de.learnlib.logging.LearnLogger logQuery
INFO: [ε | ε / ε | ε]
Dec 09, 2017 6:14:52 PM de.learnlib.logging.LearnLogger logQuery
INFO: [ε | ClientHelloRSA / ε | HandshakeServerHelloTLSv12HandshakeCertificateHandshakeServerHelloDone]
Dec 09, 2017 6:14:53 PM de.learnlib.logging.LearnLogger logQuery
INFO: [ε | ClientHelloRSA ClientHelloRSA / ε | HandshakeServerHelloTLSv12HandshakeCertificateHandshakeServerHelloDone Alert2.10ConnectionClosed]
Dec 09, 2017 6:14:53 PM de.learnlib.logging.LearnLogger logQuery
INFO: [ε | ClientHelloRSA ClientKeyExchange / ε | Empty HandshakeServerHelloTLSv12HandshakeCertificateHandshakeServerHelloDone]
Dec 09, 2017 6:15:26 PM de.learnlib.logging.LearnLogger logQuery
INFO: [ε | ε / ε | ε]
Dec 09, 2017 6:15:26 PM de.learnlib.logging.LearnLogger logQuery
INFO: [ε | ClientHelloRSA / ε | Empty]
Dec 09, 2017 6:16:14 PM de.learnlib.logging.LearnLogger logQuery
INFO: [ε | ε / ε | ε]
Dec 09, 2017 6:16:14 PM de.learnlib.logging.LearnLogger logQuery
INFO: [ε | ClientHelloRSA / ε | Empty]
Dec 09, 2017 6:16:44 PM de.learnlib.logging.LearnLogger logQuery
INFO: [ε | ε / ε | ε]
Dec 09, 2017 6:16:45 PM de.learnlib.logging.LearnLogger logQuery
INFO: [ε | ClientHelloRSA / ε | HandshakeServerHelloTLSv12HandshakeCertificateHandshakeServerHelloDone]
Dec 09, 2017 6:16:45 PM de.learnlib.logging.LearnLogger logQuery
INFO: [ε | ClientHelloRSA ClientHelloRSA / ε | Empty HandshakeServerHelloTLSv12HandshakeCertificateHandshakeServerHelloDoneAlert2.10ConnectionClosed]
Dec 09, 2017 6:17:12 PM de.learnlib.logging.LearnLogger logQuery
INFO: [ε | ε / ε | ε]
Dec 09, 2017 6:17:12 PM de.learnlib.logging.LearnLogger logQuery
INFO: [ε | ClientHelloRSA / ε | Empty]
Dec 09, 2017 6:17:41 PM de.learnlib.logging.LearnLogger logQuery
INFO: [ε | ε / ε | ε]
Dec 09, 2017 6:17:45 PM de.learnlib.logging.LearnLogger logQuery
INFO: [ε | ClientHelloRSA / ε | Empty]
Dec 09, 2017 6:18:12 PM de.learnlib.logging.LearnLogger logQuery
INFO: [ε | ε / ε | ε]
Dec 09, 2017 6:18:12 PM de.learnlib.logging.LearnLogger logQuery
INFO: [ε | ClientHelloRSA / ε | Empty]
Dec 09, 2017 6:18:27 PM de.learnlib.logging.LearnLogger logQuery
INFO: [ε | ε / ε | ε]
Dec 09, 2017 6:18:27 PM de.learnlib.logging.LearnLogger logQuery
INFO: [ε | ClientHelloRSA / ε | Empty]
Dec 09, 2017 6:18:52 PM de.learnlib.logging.LearnLogger logQuery
INFO: [ε | ε / ε | ε]
Dec 09, 2017 6:18:52 PM de.learnlib.logging.LearnLogger logQuery
INFO: [ε | ClientHelloRSA / ε | Empty]
Dec 09, 2017 6:19:23 PM de.learnlib.logging.LearnLogger logQuery
INFO: [ε | ε / ε | ε]
Dec 09, 2017 6:19:23 PM de.learnlib.logging.LearnLogger logQuery
INFO: [ε | ClientHelloRSA / ε | Empty]
Dec 09, 2017 6:19:48 PM de.learnlib.logging.LearnLogger logQuery
INFO: [ε | ε / ε | ε]
Dec 09, 2017 6:19:48 PM de.learnlib.logging.LearnLogger logQuery
INFO: [ε | ClientHelloRSA / ε | Empty]
Dec 09, 2017 6:20:15 PM de.learnlib.logging.LearnLogger logQuery
INFO: [ε | ε / ε | ε]
Dec 09, 2017 6:20:17 PM de.learnlib.logging.LearnLogger logQuery
INFO: [ε | ClientHelloRSA / ε | HandshakeServerHelloTLSv12HandshakeCertificateHandshakeServerHelloDone]
Dec 09, 2017 6:20:17 PM de.learnlib.logging.LearnLogger logQuery
INFO: [ε | ClientHelloRSA ClientHelloRSA / ε | HandshakeServerHelloTLSv12HandshakeCertificateHandshakeServerHelloDone Alert2.10ConnectionClosed]
Dec 09, 2017 6:20:19 PM de.learnlib.logging.LearnLogger logQuery
INFO: [ε | ClientHelloRSA ClientKeyExchange / ε | HandshakeServerHelloTLSv12HandshakeCertificateHandshakeServerHelloDone Empty]
Dec 09, 2017 6:20:37 PM de.learnlib.logging.LearnLogger logQuery
INFO: [ε | ε / ε | ε]
Dec 09, 2017 6:20:38 PM de.learnlib.logging.LearnLogger logQuery
INFO: [ε | ClientHelloRSA / ε | Empty]
Dec 09, 2017 6:21:00 PM de.learnlib.logging.LearnLogger logQuery
INFO: [ε | ε / ε | ε]
Dec 09, 2017 6:21:00 PM de.learnlib.logging.LearnLogger logQuery
INFO: [ε | ClientHelloRSA / ε | Empty]
Dec 09, 2017 6:21:24 PM de.learnlib.logging.LearnLogger logQuery
INFO: [ε | ε / ε | ε]
Dec 09, 2017 6:21:24 PM de.learnlib.logging.LearnLogger logQuery
INFO: [ε | ClientHelloRSA / ε | Empty]
Dec 09, 2017 6:21:50 PM de.learnlib.logging.LearnLogger logQuery
INFO: [ε | ε / ε | ε]
Dec 09, 2017 6:21:52 PM de.learnlib.logging.LearnLogger logQuery
INFO: [ε | ClientHelloRSA / ε | Empty]
Dec 09, 2017 6:22:27 PM de.learnlib.logging.LearnLogger logQuery
INFO: [ε | ε / ε | ε]
Dec 09, 2017 6:22:27 PM de.learnlib.logging.LearnLogger logQuery
INFO: [ε | ClientHelloRSA / ε | Empty]
Dec 09, 2017 6:23:05 PM de.learnlib.logging.LearnLogger logQuery
INFO: [ε | ε / ε | ε]
Dec 09, 2017 6:23:05 PM de.learnlib.logging.LearnLogger logQuery
INFO: [ε | ClientHelloRSA / ε | Empty]
Dec 09, 2017 6:23:39 PM de.learnlib.logging.LearnLogger logQuery
INFO: [ε | ε / ε | ε]
Dec 09, 2017 6:23:40 PM de.learnlib.logging.LearnLogger logQuery
INFO: [ε | ClientHelloRSA / ε | HandshakeServerHelloTLSv12HandshakeCertificateHandshakeServerHelloDone]
Dec 09, 2017 6:23:40 PM de.learnlib.logging.LearnLogger logQuery
INFO: [ε | ClientHelloRSA ClientHelloRSA / ε | HandshakeServerHelloTLSv12HandshakeCertificateHandshakeServerHelloDone Alert2.10ConnectionClosed]
Dec 09, 2017 6:23:41 PM de.learnlib.logging.LearnLogger logQuery
INFO: [ε | ClientHelloRSA ClientKeyExchange / ε | Empty HandshakeServerHelloTLSv12HandshakeCertificateHandshakeServerHelloDone]
Dec 09, 2017 6:24:12 PM de.learnlib.logging.LearnLogger logQuery
INFO: [ε | ε / ε | ε]
Dec 09, 2017 6:24:13 PM de.learnlib.logging.LearnLogger logQuery
INFO: [ε | ClientHelloRSA / ε | Empty]
Dec 09, 2017 6:24:54 PM de.learnlib.logging.LearnLogger logQuery
INFO: [ε | ε / ε | ε]
Dec 09, 2017 6:24:54 PM de.learnlib.logging.LearnLogger logQuery
INFO: [ε | ClientHelloRSA / ε | Empty]
Dec 09, 2017 6:25:20 PM de.learnlib.logging.LearnLogger logQuery
INFO: [ε | ε / ε | ε]
Dec 09, 2017 6:25:20 PM de.learnlib.logging.LearnLogger logQuery
INFO: [ε | ClientHelloRSA / ε | Empty]
Dec 09, 2017 6:25:53 PM de.learnlib.logging.LearnLogger logQuery
INFO: [ε | ε / ε | ε]
Dec 09, 2017 6:25:53 PM de.learnlib.logging.LearnLogger logQuery
INFO: [ε | ClientHelloRSA / ε | HandshakeServerHelloTLSv12HandshakeCertificateHandshakeServerHelloDone]
Dec 09, 2017 6:25:54 PM de.learnlib.logging.LearnLogger logQuery
INFO: [ε | ClientHelloRSA ClientHelloRSA / ε | HandshakeServerHelloTLSv12HandshakeCertificateHandshakeServerHelloDone Alert2.10ConnectionClosed]
Dec 09, 2017 6:25:54 PM de.learnlib.logging.LearnLogger logQuery
INFO: [ε | ClientHelloRSA ClientKeyExchange / ε | HandshakeServerHelloTLSv12HandshakeCertificateHandshakeServerHelloDone Empty]
Dec 09, 2017 6:26:24 PM de.learnlib.logging.LearnLogger logQuery
INFO: [ε | ε / ε | ε]
Dec 09, 2017 6:26:26 PM de.learnlib.logging.LearnLogger logQuery
INFO: [ε | ClientHelloRSA / ε | Empty]
Dec 09, 2017 6:27:05 PM de.learnlib.logging.LearnLogger logQuery
INFO: [ε | ε / ε | ε]
Dec 09, 2017 6:27:06 PM de.learnlib.logging.LearnLogger logQuery
INFO: [ε | ClientHelloRSA / ε | Empty]
Dec 09, 2017 6:27:52 PM de.learnlib.logging.LearnLogger logQuery
INFO: [ε | ε / ε | ε]
Dec 09, 2017 6:27:53 PM de.learnlib.logging.LearnLogger logQuery
INFO: [ε | ClientHelloRSA / ε | HandshakeServerHelloTLSv12HandshakeCertificateHandshakeServerHelloDone]
Dec 09, 2017 6:27:53 PM de.learnlib.logging.LearnLogger logQuery
INFO: [ε | ClientHelloRSA ClientHelloRSA / ε | HandshakeServerHelloTLSv12HandshakeCertificateHandshakeServerHelloDone Alert2.10ConnectionClosed]
Dec 09, 2017 6:27:54 PM de.learnlib.logging.LearnLogger logQuery
INFO: [ε | ClientHelloRSA ClientKeyExchange / ε | Empty HandshakeServerHelloTLSv12HandshakeCertificateHandshakeServerHelloDone]
Dec 09, 2017 6:28:21 PM de.learnlib.logging.LearnLogger logQuery
INFO: [ε | ε / ε | ε]
Dec 09, 2017 6:28:21 PM de.learnlib.logging.LearnLogger logQuery
INFO: [ε | ClientHelloRSA / ε | Empty]
Dec 09, 2017 6:28:48 PM de.learnlib.logging.LearnLogger logQuery
INFO: [ε | ε / ε | ε]
Dec 09, 2017 6:28:48 PM de.learnlib.logging.LearnLogger logQuery
INFO: [ε | ClientHelloRSA / ε | Empty]
Dec 09, 2017 6:29:26 PM de.learnlib.logging.LearnLogger logQuery
INFO: [ε | ε / ε | ε]
Dec 09, 2017 6:29:34 PM de.learnlib.logging.LearnLogger logQuery
INFO: [ε | ClientHelloRSA / ε | Empty]
Dec 09, 2017 6:30:04 PM de.learnlib.logging.LearnLogger logQuery
INFO: [ε | ε / ε | ε]
Dec 09, 2017 6:30:05 PM de.learnlib.logging.LearnLogger logQuery
INFO: [ε | ClientHelloRSA / ε | Empty]
Dec 09, 2017 6:30:43 PM de.learnlib.logging.LearnLogger logQuery
INFO: [ε | ε / ε | ε]
Dec 09, 2017 6:30:44 PM de.learnlib.logging.LearnLogger logQuery
INFO: [ε | ClientHelloRSA / ε | Empty]
Dec 09, 2017 6:33:18 PM de.learnlib.logging.LearnLogger logQuery
INFO: [ε | ε / ε | ε]
Dec 09, 2017 6:33:19 PM de.learnlib.logging.LearnLogger logQuery
INFO: [ε | ClientHelloRSA / ε | Empty]
Dec 09, 2017 6:34:03 PM de.learnlib.logging.LearnLogger logQuery
INFO: [ε | ε / ε | ε]
Dec 09, 2017 6:34:03 PM de.learnlib.logging.LearnLogger logQuery
INFO: [ε | ClientHelloRSA / ε | Empty]
Dec 09, 2017 6:34:44 PM de.learnlib.logging.LearnLogger logQuery
INFO: [ε | ε / ε | ε]
Dec 09, 2017 6:34:45 PM de.learnlib.logging.LearnLogger logQuery
INFO: [ε | ClientHelloRSA / ε | Empty]
Dec 09, 2017 6:35:26 PM de.learnlib.logging.LearnLogger logQuery
INFO: [ε | ε / ε | ε]
Dec 09, 2017 6:35:27 PM de.learnlib.logging.LearnLogger logQuery
INFO: [ε | ClientHelloRSA / ε | Empty]
Dec 09, 2017 6:36:10 PM de.learnlib.logging.LearnLogger logQuery
INFO: [ε | ε / ε | ε]
Dec 09, 2017 6:36:10 PM de.learnlib.logging.LearnLogger logQuery
INFO: [ε | ClientHelloRSA / ε | Empty]
Dec 09, 2017 6:37:00 PM de.learnlib.logging.LearnLogger logQuery
INFO: [ε | ε / ε | ε]
Dec 09, 2017 6:37:01 PM de.learnlib.logging.LearnLogger logQuery
INFO: [ε | ClientHelloRSA / ε | Empty]
Dec 09, 2017 6:38:00 PM de.learnlib.logging.LearnLogger logQuery
INFO: [ε | ε / ε | ε]
Dec 09, 2017 6:38:01 PM de.learnlib.logging.LearnLogger logQuery
INFO: [ε | ClientHelloRSA / ε | Empty]
Dec 09, 2017 6:38:20 PM de.learnlib.logging.LearnLogger logQuery
INFO: [ε | ε / ε | ε]
Dec 09, 2017 6:38:21 PM de.learnlib.logging.LearnLogger logQuery
INFO: [ε | ClientHelloRSA / ε | Empty]
Dec 09, 2017 6:38:48 PM de.learnlib.logging.LearnLogger logQuery
INFO: [ε | ε / ε | ε]
Dec 09, 2017 6:38:48 PM de.learnlib.logging.LearnLogger logQuery
INFO: [ε | ClientHelloRSA / ε | Empty]
Dec 09, 2017 6:40:40 PM de.learnlib.logging.LearnLogger logQuery
INFO: [ε | ε / ε | ε]
Dec 09, 2017 6:40:42 PM de.learnlib.logging.LearnLogger logQuery
INFO: [ε | ClientHelloRSA / ε | Empty]
Dec 09, 2017 6:41:18 PM de.learnlib.logging.LearnLogger logQuery
INFO: [ε | ε / ε | ε]
Dec 09, 2017 6:41:18 PM de.learnlib.logging.LearnLogger logQuery
INFO: [ε | ClientHelloRSA / ε | Empty]
Dec 09, 2017 6:42:19 PM de.learnlib.logging.LearnLogger logQuery
INFO: [ε | ε / ε | ε]
Dec 09, 2017 6:42:19 PM de.learnlib.logging.LearnLogger logQuery
INFO: [ε | ClientHelloRSA / ε | Empty]
Dec 09, 2017 6:43:03 PM de.learnlib.logging.LearnLogger logQuery
INFO: [ε | ε / ε | ε]
Dec 09, 2017 6:43:05 PM de.learnlib.logging.LearnLogger logQuery
INFO: [ε | ClientHelloRSA / ε | Empty]
Dec 09, 2017 6:43:53 PM de.learnlib.logging.LearnLogger logQuery
INFO: [ε | ε / ε | ε]
Dec 09, 2017 6:43:55 PM de.learnlib.logging.LearnLogger logQuery
INFO: [ε | ClientHelloRSA / ε | Empty]
Dec 09, 2017 6:44:56 PM de.learnlib.logging.LearnLogger logQuery
INFO: [ε | ε / ε | ε]
Dec 09, 2017 6:45:00 PM de.learnlib.logging.LearnLogger logQuery
INFO: [ε | ClientHelloRSA / ε | HandshakeServerHelloTLSv12HandshakeCertificateHandshakeServerHelloDone]
Dec 09, 2017 6:45:00 PM de.learnlib.logging.LearnLogger logQuery
INFO: [ε | ClientHelloRSA ClientHelloRSA / ε | HandshakeServerHelloTLSv12HandshakeCertificateHandshakeServerHelloDone Alert2.10ConnectionClosed]
Dec 09, 2017 6:45:01 PM de.learnlib.logging.LearnLogger logQuery
INFO: [ε | ClientHelloRSA ClientKeyExchange / ε | Empty HandshakeServerHelloTLSv12HandshakeCertificateHandshakeServerHelloDone]
Dec 09, 2017 6:45:43 PM de.learnlib.logging.LearnLogger logQuery
INFO: [ε | ε / ε | ε]
Dec 09, 2017 6:45:43 PM de.learnlib.logging.LearnLogger logQuery
INFO: [ε | ClientHelloRSA / ε | Empty]
Dec 09, 2017 6:53:40 PM de.learnlib.logging.LearnLogger logQuery
INFO: [ε | ε / ε | ε]
Dec 09, 2017 6:53:52 PM de.learnlib.logging.LearnLogger logQuery
INFO: [ε | ClientHelloRSA / ε | HandshakeServerHelloTLSv12HandshakeCertificateHandshakeServerHelloDone]
Dec 09, 2017 6:53:52 PM de.learnlib.logging.LearnLogger logQuery
INFO: [ε | ClientHelloRSA ClientHelloRSA / ε | HandshakeServerHelloTLSv12HandshakeCertificateHandshakeServerHelloDone Alert2.10ConnectionClosed]
Dec 09, 2017 6:53:54 PM de.learnlib.logging.LearnLogger logQuery
INFO: [ε | ClientHelloRSA ClientKeyExchange / ε | HandshakeServerHelloTLSv12HandshakeCertificateHandshakeServerHelloDone Empty]
Dec 09, 2017 6:55:38 PM de.learnlib.logging.LearnLogger logQuery
INFO: [ε | ε / ε | ε]
Dec 09, 2017 6:55:38 PM de.learnlib.logging.LearnLogger logQuery
INFO: [ε | ClientHelloRSA / ε | Empty]
Dec 09, 2017 6:56:57 PM de.learnlib.logging.LearnLogger logQuery
INFO: [ε | ε / ε | ε]
Dec 09, 2017 6:56:57 PM de.learnlib.logging.LearnLogger logQuery
INFO: [ε | ClientHelloRSA / ε | Empty]
Dec 09, 2017 6:58:01 PM de.learnlib.logging.LearnLogger logQuery
INFO: [ε | ε / ε | ε]
Dec 09, 2017 6:58:01 PM de.learnlib.logging.LearnLogger logQuery
INFO: [ε | ClientHelloRSA / ε | Empty]
Dec 09, 2017 6:58:41 PM de.learnlib.logging.LearnLogger logQuery
INFO: [ε | ε / ε | ε]
Dec 09, 2017 6:58:41 PM de.learnlib.logging.LearnLogger logQuery
INFO: [ε | ClientHelloRSA / ε | Empty]
Dec 09, 2017 6:59:15 PM de.learnlib.logging.LearnLogger logQuery
INFO: [ε | ε / ε | ε]
Dec 09, 2017 6:59:15 PM de.learnlib.logging.LearnLogger logQuery
INFO: [ε | ClientHelloRSA / ε | HandshakeServerHelloTLSv12HandshakeCertificateHandshakeServerHelloDone]
Dec 09, 2017 6:59:15 PM de.learnlib.logging.LearnLogger logQuery
INFO: [ε | ClientHelloRSA ClientHelloRSA / ε | HandshakeServerHelloTLSv12HandshakeCertificateHandshakeServerHelloDone Alert2.10ConnectionClosed]
Dec 09, 2017 6:59:16 PM de.learnlib.logging.LearnLogger logQuery
INFO: [ε | ClientHelloRSA ClientKeyExchange / ε | HandshakeServerHelloTLSv12HandshakeCertificateHandshakeServerHelloDone Empty]
Dec 09, 2017 7:00:02 PM de.learnlib.logging.LearnLogger logQuery
INFO: [ε | ε / ε | ε]
Dec 09, 2017 7:00:02 PM de.learnlib.logging.LearnLogger logQuery
INFO: [ε | ClientHelloRSA / ε | Empty]
Dec 09, 2017 7:00:52 PM de.learnlib.logging.LearnLogger logQuery
INFO: [ε | ε / ε | ε]
Dec 09, 2017 7:00:52 PM de.learnlib.logging.LearnLogger logQuery
INFO: [ε | ClientHelloRSA / ε | Empty]
Dec 09, 2017 7:01:14 PM de.learnlib.logging.LearnLogger logQuery
INFO: [ε | ε / ε | ε]
Dec 09, 2017 7:01:14 PM de.learnlib.logging.LearnLogger logQuery
INFO: [ε | ClientHelloRSA / ε | Empty]
Dec 09, 2017 7:01:32 PM de.learnlib.logging.LearnLogger logQuery
INFO: [ε | ε / ε | ε]
Dec 09, 2017 7:01:32 PM de.learnlib.logging.LearnLogger logQuery
INFO: [ε | ClientHelloRSA / ε | HandshakeServerHelloTLSv12HandshakeCertificateHandshakeServerHelloDone]
Dec 09, 2017 7:01:32 PM de.learnlib.logging.LearnLogger logQuery
INFO: [ε | ClientHelloRSA ClientHelloRSA / ε | Empty Empty]
Dec 09, 2017 7:01:57 PM de.learnlib.logging.LearnLogger logQuery
INFO: [ε | ε / ε | ε]
Dec 09, 2017 7:01:57 PM de.learnlib.logging.LearnLogger logQuery
INFO: [ε | ClientHelloRSA / ε | HandshakeServerHelloTLSv12HandshakeCertificateHandshakeServerHelloDone]
Dec 09, 2017 7:01:57 PM de.learnlib.logging.LearnLogger logQuery
INFO: [ε | ClientHelloRSA ClientHelloRSA / ε | Empty Empty]
Dec 09, 2017 7:02:23 PM de.learnlib.logging.LearnLogger logQuery
INFO: [ε | ε / ε | ε]
Dec 09, 2017 7:02:23 PM de.learnlib.logging.LearnLogger logQuery
INFO: [ε | ClientHelloRSA / ε | Empty]
Dec 09, 2017 7:02:52 PM de.learnlib.logging.LearnLogger logQuery
INFO: [ε | ε / ε | ε]
Dec 09, 2017 7:02:52 PM de.learnlib.logging.LearnLogger logQuery
INFO: [ε | ClientHelloRSA / ε | Empty]
Dec 09, 2017 7:03:17 PM de.learnlib.logging.LearnLogger logQuery
INFO: [ε | ε / ε | ε]
Dec 09, 2017 7:03:17 PM de.learnlib.logging.LearnLogger logQuery
INFO: [ε | ClientHelloRSA / ε | Empty]
Dec 09, 2017 7:03:35 PM de.learnlib.logging.LearnLogger logQuery
INFO: [ε | ε / ε | ε]
Dec 09, 2017 7:03:35 PM de.learnlib.logging.LearnLogger logQuery
INFO: [ε | ClientHelloRSA / ε | Empty]
Dec 09, 2017 7:04:02 PM de.learnlib.logging.LearnLogger logQuery
INFO: [ε | ε / ε | ε]
Dec 09, 2017 7:04:02 PM de.learnlib.logging.LearnLogger logQuery
INFO: [ε | ClientHelloRSA / ε | Empty]
Dec 09, 2017 7:04:36 PM de.learnlib.logging.LearnLogger logQuery
INFO: [ε | ε / ε | ε]
Dec 09, 2017 7:04:36 PM de.learnlib.logging.LearnLogger logQuery
INFO: [ε | ClientHelloRSA / ε | Empty]
Dec 09, 2017 7:05:01 PM de.learnlib.logging.LearnLogger logQuery
INFO: [ε | ε / ε | ε]
Dec 09, 2017 7:05:01 PM de.learnlib.logging.LearnLogger logQuery
INFO: [ε | ClientHelloRSA / ε | Empty]
Dec 09, 2017 7:05:32 PM de.learnlib.logging.LearnLogger logQuery
INFO: [ε | ε / ε | ε]
Dec 09, 2017 7:05:32 PM de.learnlib.logging.LearnLogger logQuery
INFO: [ε | ClientHelloRSA / ε | HandshakeServerHelloTLSv12HandshakeCertificateHandshakeServerHelloDone]
Dec 09, 2017 7:05:33 PM de.learnlib.logging.LearnLogger logQuery
INFO: [ε | ClientHelloRSA ClientHelloRSA / ε | HandshakeServerHelloTLSv12HandshakeCertificateHandshakeServerHelloDone Alert2.10ConnectionClosed]
Dec 09, 2017 7:05:33 PM de.learnlib.logging.LearnLogger logQuery
INFO: [ε | ClientHelloRSA ClientKeyExchange / ε | Empty HandshakeServerHelloTLSv12HandshakeCertificateHandshakeServerHelloDone]
Dec 09, 2017 7:05:59 PM de.learnlib.logging.LearnLogger logQuery
INFO: [ε | ε / ε | ε]
Dec 09, 2017 7:05:59 PM de.learnlib.logging.LearnLogger logQuery
INFO: [ε | ClientHelloRSA / ε | HandshakeServerHelloTLSv12HandshakeCertificateHandshakeServerHelloDone]
Dec 09, 2017 7:06:00 PM de.learnlib.logging.LearnLogger logQuery
INFO: [ε | ClientHelloRSA ClientHelloRSA / ε | Empty Empty]
Dec 09, 2017 7:06:25 PM de.learnlib.logging.LearnLogger logQuery
INFO: [ε | ε / ε | ε]
Dec 09, 2017 7:06:25 PM de.learnlib.logging.LearnLogger logQuery
INFO: [ε | ClientHelloRSA / ε | Empty]
Dec 09, 2017 7:06:49 PM de.learnlib.logging.LearnLogger logQuery
INFO: [ε | ε / ε | ε]
Dec 09, 2017 7:06:49 PM de.learnlib.logging.LearnLogger logQuery
INFO: [ε | ClientHelloRSA / ε | Empty]
Dec 09, 2017 7:07:08 PM de.learnlib.logging.LearnLogger logQuery
INFO: [ε | ε / ε | ε]
Dec 09, 2017 7:07:08 PM de.learnlib.logging.LearnLogger logQuery
INFO: [ε | ClientHelloRSA / ε | Empty]
Dec 09, 2017 7:07:33 PM de.learnlib.logging.LearnLogger logQuery
INFO: [ε | ε / ε | ε]
Dec 09, 2017 7:07:33 PM de.learnlib.logging.LearnLogger logQuery
INFO: [ε | ClientHelloRSA / ε | Empty]
Dec 09, 2017 7:07:54 PM de.learnlib.logging.LearnLogger logQuery
INFO: [ε | ε / ε | ε]
Dec 09, 2017 7:07:54 PM de.learnlib.logging.LearnLogger logQuery
INFO: [ε | ClientHelloRSA / ε | Empty]
Dec 09, 2017 7:08:12 PM de.learnlib.logging.LearnLogger logQuery
INFO: [ε | ε / ε | ε]
Dec 09, 2017 7:08:12 PM de.learnlib.logging.LearnLogger logQuery
INFO: [ε | ClientHelloRSA / ε | Empty]
Dec 09, 2017 7:08:34 PM de.learnlib.logging.LearnLogger logQuery
INFO: [ε | ε / ε | ε]
Dec 09, 2017 7:08:35 PM de.learnlib.logging.LearnLogger logQuery
INFO: [ε | ClientHelloRSA / ε | Empty]
Dec 09, 2017 7:08:53 PM de.learnlib.logging.LearnLogger logQuery
INFO: [ε | ε / ε | ε]
Dec 09, 2017 7:08:53 PM de.learnlib.logging.LearnLogger logQuery
INFO: [ε | ClientHelloRSA / ε | Empty]
Dec 09, 2017 7:09:10 PM de.learnlib.logging.LearnLogger logQuery
INFO: [ε | ε / ε | ε]
Dec 09, 2017 7:09:11 PM de.learnlib.logging.LearnLogger logQuery
INFO: [ε | ClientHelloRSA / ε | Empty]
Dec 09, 2017 7:09:39 PM de.learnlib.logging.LearnLogger logQuery
INFO: [ε | ε / ε | ε]
Dec 09, 2017 7:09:39 PM de.learnlib.logging.LearnLogger logQuery
INFO: [ε | ClientHelloRSA / ε | Empty]
Dec 09, 2017 7:09:58 PM de.learnlib.logging.LearnLogger logQuery
INFO: [ε | ε / ε | ε]
Dec 09, 2017 7:09:59 PM de.learnlib.logging.LearnLogger logQuery
INFO: [ε | ClientHelloRSA / ε | Empty]
Dec 09, 2017 7:10:54 PM de.learnlib.logging.LearnLogger logQuery
INFO: [ε | ε / ε | ε]
Dec 09, 2017 7:10:55 PM de.learnlib.logging.LearnLogger logQuery
INFO: [ε | ClientHelloRSA / ε | Empty]
Dec 09, 2017 7:17:52 PM de.learnlib.logging.LearnLogger logQuery
INFO: [ε | ε / ε | ε]
Dec 09, 2017 7:17:57 PM de.learnlib.logging.LearnLogger logQuery
INFO: [ε | ClientHelloRSA / ε | Empty]
Dec 09, 2017 7:20:08 PM de.learnlib.logging.LearnLogger logQuery
INFO: [ε | ε / ε | ε]
Dec 09, 2017 7:20:08 PM de.learnlib.logging.LearnLogger logQuery
INFO: [ε | ClientHelloRSA / ε | Empty]
Dec 09, 2017 7:21:12 PM de.learnlib.logging.LearnLogger logQuery
INFO: [ε | ε / ε | ε]
Dec 09, 2017 7:21:20 PM de.learnlib.logging.LearnLogger logQuery
INFO: [ε | ClientHelloRSA / ε | Empty]
Dec 09, 2017 7:22:27 PM de.learnlib.logging.LearnLogger logQuery
INFO: [ε | ε / ε | ε]
Dec 09, 2017 7:22:27 PM de.learnlib.logging.LearnLogger logQuery
INFO: [ε | ClientHelloRSA / ε | Empty]
Dec 09, 2017 7:23:36 PM de.learnlib.logging.LearnLogger logQuery
INFO: [ε | ε / ε | ε]
Dec 09, 2017 7:23:38 PM de.learnlib.logging.LearnLogger logQuery
INFO: [ε | ClientHelloRSA / ε | HandshakeServerHelloTLSv12HandshakeCertificateHandshakeServerHelloDone]
Dec 09, 2017 7:23:38 PM de.learnlib.logging.LearnLogger logQuery
INFO: [ε | ClientHelloRSA ClientHelloRSA / ε | HandshakeServerHelloTLSv12HandshakeCertificateHandshakeServerHelloDone Alert2.10ConnectionClosed]
Dec 09, 2017 7:23:39 PM de.learnlib.logging.LearnLogger logQuery
INFO: [ε | ClientHelloRSA ClientKeyExchange / ε | HandshakeServerHelloTLSv12HandshakeCertificateHandshakeServerHelloDone Empty]
Dec 09, 2017 7:24:16 PM de.learnlib.logging.LearnLogger logQuery
INFO: [ε | ε / ε | ε]
Dec 09, 2017 7:24:16 PM de.learnlib.logging.LearnLogger logQuery
INFO: [ε | ClientHelloRSA / ε | HandshakeServerHelloTLSv12HandshakeCertificateHandshakeServerHelloDone]
Dec 09, 2017 7:24:16 PM de.learnlib.logging.LearnLogger logQuery
INFO: [ε | ClientHelloRSA ClientHelloRSA / ε | HandshakeServerHelloTLSv12HandshakeCertificateHandshakeServerHelloDone Alert2.10ConnectionClosed]
Dec 09, 2017 7:24:17 PM de.learnlib.logging.LearnLogger logQuery
INFO: [ε | ClientHelloRSA ClientKeyExchange / ε | HandshakeServerHelloTLSv12HandshakeCertificateHandshakeServerHelloDone Empty]
Dec 09, 2017 7:24:49 PM de.learnlib.logging.LearnLogger logQuery
INFO: [ε | ε / ε | ε]
Dec 09, 2017 7:24:49 PM de.learnlib.logging.LearnLogger logQuery
INFO: [ε | ClientHelloRSA / ε | HandshakeServerHelloTLSv12HandshakeCertificateHandshakeServerHelloDone]
Dec 09, 2017 7:24:50 PM de.learnlib.logging.LearnLogger logQuery
INFO: [ε | ClientHelloRSA ClientHelloRSA / ε | Empty HandshakeServerHelloTLSv12HandshakeCertificateHandshakeServerHelloDoneAlert2.10ConnectionClosed]
Dec 09, 2017 7:25:27 PM de.learnlib.logging.LearnLogger logQuery
INFO: [ε | ε / ε | ε]
Dec 09, 2017 7:25:27 PM de.learnlib.logging.LearnLogger logQuery
INFO: [ε | ClientHelloRSA / ε | Empty]
Dec 09, 2017 7:26:03 PM de.learnlib.logging.LearnLogger logQuery
INFO: [ε | ε / ε | ε]
Dec 09, 2017 7:26:05 PM de.learnlib.logging.LearnLogger logQuery
INFO: [ε | ClientHelloRSA / ε | Empty]
Dec 09, 2017 7:26:43 PM de.learnlib.logging.LearnLogger logQuery
INFO: [ε | ε / ε | ε]
Dec 09, 2017 7:26:43 PM de.learnlib.logging.LearnLogger logQuery
INFO: [ε | ClientHelloRSA / ε | Empty]
Dec 09, 2017 7:27:27 PM de.learnlib.logging.LearnLogger logQuery
INFO: [ε | ε / ε | ε]
Dec 09, 2017 7:27:28 PM de.learnlib.logging.LearnLogger logQuery
INFO: [ε | ClientHelloRSA / ε | Empty]
Dec 09, 2017 7:28:13 PM de.learnlib.logging.LearnLogger logQuery
INFO: [ε | ε / ε | ε]
Dec 09, 2017 7:28:15 PM de.learnlib.logging.LearnLogger logQuery
INFO: [ε | ClientHelloRSA / ε | Empty]
Dec 09, 2017 7:38:35 PM de.learnlib.logging.LearnLogger logQuery
INFO: [ε | ε / ε | ε]
Dec 09, 2017 7:38:55 PM de.learnlib.logging.LearnLogger logQuery
INFO: [ε | ClientHelloRSA / ε | HandshakeServerHelloTLSv12HandshakeCertificateHandshakeServerHelloDone]
Dec 09, 2017 7:38:57 PM de.learnlib.logging.LearnLogger logQuery
INFO: [ε | ClientHelloRSA ClientHelloRSA / ε | Empty Empty]
Dec 09, 2017 7:41:39 PM de.learnlib.logging.LearnLogger logQuery
INFO: [ε | ε / ε | ε]
Dec 09, 2017 7:41:39 PM de.learnlib.logging.LearnLogger logQuery
INFO: [ε | ClientHelloRSA / ε | Empty]
Dec 09, 2017 7:44:10 PM de.learnlib.logging.LearnLogger logQuery
INFO: [ε | ε / ε | ε]
Dec 09, 2017 7:44:11 PM de.learnlib.logging.LearnLogger logQuery
INFO: [ε | ClientHelloRSA / ε | Empty]
Dec 09, 2017 7:46:52 PM de.learnlib.logging.LearnLogger logQuery
INFO: [ε | ε / ε | ε]
Dec 09, 2017 7:46:54 PM de.learnlib.logging.LearnLogger logQuery
INFO: [ε | ClientHelloRSA / ε | Empty]
Dec 09, 2017 7:48:21 PM de.learnlib.logging.LearnLogger logQuery
INFO: [ε | ε / ε | ε]
Dec 09, 2017 7:48:21 PM de.learnlib.logging.LearnLogger logQuery
INFO: [ε | ClientHelloRSA / ε | Empty]
Dec 09, 2017 7:49:32 PM de.learnlib.logging.LearnLogger logQuery
INFO: [ε | ε / ε | ε]
Dec 09, 2017 7:49:35 PM de.learnlib.logging.LearnLogger logQuery
INFO: [ε | ClientHelloRSA / ε | HandshakeServerHelloTLSv12HandshakeCertificateHandshakeServerHelloDone]
Dec 09, 2017 7:49:36 PM de.learnlib.logging.LearnLogger logQuery
INFO: [ε | ClientHelloRSA ClientHelloRSA / ε | HandshakeServerHelloTLSv12HandshakeCertificateHandshakeServerHelloDone Alert2.10ConnectionClosed]
Dec 09, 2017 7:49:37 PM de.learnlib.logging.LearnLogger logQuery
INFO: [ε | ClientHelloRSA ClientKeyExchange / ε | Empty HandshakeServerHelloTLSv12HandshakeCertificateHandshakeServerHelloDone]
Dec 09, 2017 7:50:20 PM de.learnlib.logging.LearnLogger logQuery
INFO: [ε | ε / ε | ε]
Dec 09, 2017 7:50:23 PM de.learnlib.logging.LearnLogger logQuery
INFO: [ε | ClientHelloRSA / ε | Empty]
Dec 09, 2017 7:52:33 PM de.learnlib.logging.LearnLogger logQuery
INFO: [ε | ε / ε | ε]
Dec 09, 2017 7:52:37 PM de.learnlib.logging.LearnLogger logQuery
INFO: [ε | ClientHelloRSA / ε | Empty]
Dec 09, 2017 7:53:20 PM de.learnlib.logging.LearnLogger logQuery
INFO: [ε | ε / ε | ε]
Dec 09, 2017 7:53:22 PM de.learnlib.logging.LearnLogger logQuery
INFO: [ε | ClientHelloRSA / ε | HandshakeServerHelloTLSv12HandshakeCertificateHandshakeServerHelloDone]
Dec 09, 2017 7:53:23 PM de.learnlib.logging.LearnLogger logQuery
INFO: [ε | ClientHelloRSA ClientHelloRSA / ε | HandshakeServerHelloTLSv12HandshakeCertificateHandshakeServerHelloDone Alert2.10ConnectionClosed]
Dec 09, 2017 7:53:24 PM de.learnlib.logging.LearnLogger logQuery
INFO: [ε | ClientHelloRSA ClientKeyExchange / ε | HandshakeServerHelloTLSv12HandshakeCertificateHandshakeServerHelloDone Empty]
Dec 09, 2017 7:54:12 PM de.learnlib.logging.LearnLogger logQuery
INFO: [ε | ε / ε | ε]
Dec 09, 2017 7:54:13 PM de.learnlib.logging.LearnLogger logQuery
INFO: [ε | ClientHelloRSA / ε | Empty]
Dec 09, 2017 7:54:47 PM de.learnlib.logging.LearnLogger logQuery
INFO: [ε | ε / ε | ε]
Dec 09, 2017 7:54:47 PM de.learnlib.logging.LearnLogger logQuery
INFO: [ε | ClientHelloRSA / ε | Empty]
Dec 09, 2017 7:55:18 PM de.learnlib.logging.LearnLogger logQuery
INFO: [ε | ε / ε | ε]
Dec 09, 2017 7:55:18 PM de.learnlib.logging.LearnLogger logQuery
INFO: [ε | ClientHelloRSA / ε | Empty]
Dec 09, 2017 7:55:45 PM de.learnlib.logging.LearnLogger logQuery
INFO: [ε | ε / ε | ε]
Dec 09, 2017 7:55:47 PM de.learnlib.logging.LearnLogger logQuery
INFO: [ε | ClientHelloRSA / ε | HandshakeServerHelloTLSv12HandshakeCertificateHandshakeServerHelloDone]
Dec 09, 2017 7:55:47 PM de.learnlib.logging.LearnLogger logQuery
INFO: [ε | ClientHelloRSA ClientHelloRSA / ε | HandshakeServerHelloTLSv12HandshakeCertificateHandshakeServerHelloDone Alert2.10ConnectionClosed]
Dec 09, 2017 7:55:47 PM de.learnlib.logging.LearnLogger logQuery
INFO: [ε | ClientHelloRSA ClientKeyExchange / ε | HandshakeServerHelloTLSv12HandshakeCertificateHandshakeServerHelloDone Empty]
Dec 09, 2017 7:56:24 PM de.learnlib.logging.LearnLogger logQuery
INFO: [ε | ε / ε | ε]
Dec 09, 2017 7:56:25 PM de.learnlib.logging.LearnLogger logQuery
INFO: [ε | ClientHelloRSA / ε | Empty]
Dec 09, 2017 7:57:00 PM de.learnlib.logging.LearnLogger logQuery
INFO: [ε | ε / ε | ε]
Dec 09, 2017 7:57:02 PM de.learnlib.logging.LearnLogger logQuery
INFO: [ε | ClientHelloRSA / ε | Empty]
Dec 09, 2017 7:57:34 PM de.learnlib.logging.LearnLogger logQuery
INFO: [ε | ε / ε | ε]
Dec 09, 2017 7:57:34 PM de.learnlib.logging.LearnLogger logQuery
INFO: [ε | ClientHelloRSA / ε | Empty]
Dec 09, 2017 7:58:04 PM de.learnlib.logging.LearnLogger logQuery
INFO: [ε | ε / ε | ε]
Dec 09, 2017 7:58:04 PM de.learnlib.logging.LearnLogger logQuery
INFO: [ε | ClientHelloRSA / ε | Empty]
Dec 09, 2017 7:58:35 PM de.learnlib.logging.LearnLogger logQuery
INFO: [ε | ε / ε | ε]
Dec 09, 2017 7:58:36 PM de.learnlib.logging.LearnLogger logQuery
INFO: [ε | ClientHelloRSA / ε | Empty]
Dec 09, 2017 7:59:05 PM de.learnlib.logging.LearnLogger logQuery
INFO: [ε | ε / ε | ε]
Dec 09, 2017 7:59:05 PM de.learnlib.logging.LearnLogger logQuery
INFO: [ε | ClientHelloRSA / ε | Empty]
Dec 09, 2017 8:00:21 PM de.learnlib.logging.LearnLogger logQuery
INFO: [ε | ε / ε | ε]
Dec 09, 2017 8:00:23 PM de.learnlib.logging.LearnLogger logQuery
INFO: [ε | ClientHelloRSA / ε | Empty]
Dec 09, 2017 8:02:16 PM de.learnlib.logging.LearnLogger logQuery
INFO: [ε | ε / ε | ε]
Dec 09, 2017 8:02:18 PM de.learnlib.logging.LearnLogger logQuery
INFO: [ε | ClientHelloRSA / ε | Empty]
Dec 09, 2017 8:04:15 PM de.learnlib.logging.LearnLogger logQuery
INFO: [ε | ε / ε | ε]
Dec 09, 2017 8:04:15 PM de.learnlib.logging.LearnLogger logQuery
INFO: [ε | ClientHelloRSA / ε | HandshakeServerHelloTLSv12HandshakeCertificateHandshakeServerHelloDone]
Dec 09, 2017 8:04:15 PM de.learnlib.logging.LearnLogger logQuery
INFO: [ε | ClientHelloRSA ClientHelloRSA / ε | HandshakeServerHelloTLSv12HandshakeCertificateHandshakeServerHelloDone Alert2.10ConnectionClosed]
Dec 09, 2017 8:04:15 PM de.learnlib.logging.LearnLogger logQuery
INFO: [ε | ClientHelloRSA ClientKeyExchange / ε | HandshakeServerHelloTLSv12HandshakeCertificateHandshakeServerHelloDone Empty]
Dec 09, 2017 8:04:41 PM de.learnlib.logging.LearnLogger logQuery
INFO: [ε | ε / ε | ε]
Dec 09, 2017 8:04:42 PM de.learnlib.logging.LearnLogger logQuery
INFO: [ε | ClientHelloRSA / ε | HandshakeServerHelloTLSv12HandshakeCertificateHandshakeServerHelloDone]
Dec 09, 2017 8:04:42 PM de.learnlib.logging.LearnLogger logQuery
INFO: [ε | ClientHelloRSA ClientHelloRSA / ε | HandshakeServerHelloTLSv12HandshakeCertificateHandshakeServerHelloDone Alert2.10ConnectionClosed]
Dec 09, 2017 8:04:42 PM de.learnlib.logging.LearnLogger logQuery
INFO: [ε | ClientHelloRSA ClientKeyExchange / ε | HandshakeServerHelloTLSv12HandshakeCertificateHandshakeServerHelloDone Empty]
Dec 09, 2017 8:06:42 PM de.learnlib.logging.LearnLogger logQuery
INFO: [ε | ε / ε | ε]
Dec 09, 2017 8:06:44 PM de.learnlib.logging.LearnLogger logQuery
INFO: [ε | ClientHelloRSA / ε | Empty]
Dec 09, 2017 8:07:22 PM de.learnlib.logging.LearnLogger logQuery
INFO: [ε | ε / ε | ε]
Dec 09, 2017 8:07:22 PM de.learnlib.logging.LearnLogger logQuery
INFO: [ε | ClientHelloRSA / ε | Empty]
Dec 09, 2017 8:07:59 PM de.learnlib.logging.LearnLogger logQuery
INFO: [ε | ε / ε | ε]
Dec 09, 2017 8:08:00 PM de.learnlib.logging.LearnLogger logQuery
INFO: [ε | ClientHelloRSA / ε | Empty]
Dec 09, 2017 8:08:33 PM de.learnlib.logging.LearnLogger logQuery
INFO: [ε | ε / ε | ε]
Dec 09, 2017 8:08:33 PM de.learnlib.logging.LearnLogger logQuery
INFO: [ε | ClientHelloRSA / ε | Empty]
Dec 09, 2017 8:09:00 PM de.learnlib.logging.LearnLogger logQuery
INFO: [ε | ε / ε | ε]
Dec 09, 2017 8:09:00 PM de.learnlib.logging.LearnLogger logQuery
INFO: [ε | ClientHelloRSA / ε | Empty]
Dec 09, 2017 8:32:51 PM de.learnlib.logging.LearnLogger logQuery
INFO: [ε | ε / ε | ε]
Dec 09, 2017 8:33:59 PM de.learnlib.logging.LearnLogger logQuery
INFO: [ε | ClientHelloRSA / ε | Empty]
Dec 09, 2017 8:43:01 PM de.learnlib.logging.LearnLogger logQuery
INFO: [ε | ε / ε | ε]
Dec 09, 2017 8:43:02 PM de.learnlib.logging.LearnLogger logQuery
INFO: [ε | ClientHelloRSA / ε | Empty]
Dec 09, 2017 8:46:54 PM de.learnlib.logging.LearnLogger logQuery
INFO: [ε | ε / ε | ε]
Dec 09, 2017 8:46:56 PM de.learnlib.logging.LearnLogger logQuery
INFO: [ε | ClientHelloRSA / ε | Empty]
Dec 09, 2017 8:51:23 PM de.learnlib.logging.LearnLogger logQuery
INFO: [ε | ε / ε | ε]
Dec 09, 2017 8:51:33 PM de.learnlib.logging.LearnLogger logQuery
INFO: [ε | ClientHelloRSA / ε | Empty]
Dec 09, 2017 8:54:00 PM de.learnlib.logging.LearnLogger logQuery
INFO: [ε | ε / ε | ε]
Dec 09, 2017 8:54:02 PM de.learnlib.logging.LearnLogger logQuery
INFO: [ε | ClientHelloRSA / ε | Empty]
Dec 09, 2017 8:56:21 PM de.learnlib.logging.LearnLogger logQuery
INFO: [ε | ε / ε | ε]
Dec 09, 2017 8:56:24 PM de.learnlib.logging.LearnLogger logQuery
INFO: [ε | ClientHelloRSA / ε | Empty]
Dec 09, 2017 9:23:05 PM de.learnlib.logging.LearnLogger logQuery
INFO: [ε | ε / ε | ε]
Dec 09, 2017 9:23:28 PM de.learnlib.logging.LearnLogger logQuery
INFO: [ε | ClientHelloRSA / ε | HandshakeServerHelloTLSv12HandshakeCertificateHandshakeServerHelloDone]
Dec 09, 2017 9:23:30 PM de.learnlib.logging.LearnLogger logQuery
INFO: [ε | ClientHelloRSA ClientHelloRSA / ε | HandshakeServerHelloTLSv12HandshakeCertificateHandshakeServerHelloDone Alert2.10ConnectionClosed]
Dec 09, 2017 9:23:33 PM de.learnlib.logging.LearnLogger logQuery
INFO: [ε | ClientHelloRSA ClientKeyExchange / ε | HandshakeServerHelloTLSv12HandshakeCertificateHandshakeServerHelloDone Empty]
Dec 09, 2017 9:26:21 PM de.learnlib.logging.LearnLogger logQuery
INFO: [ε | ε / ε | ε]
Dec 09, 2017 9:26:26 PM de.learnlib.logging.LearnLogger logQuery
INFO: [ε | ClientHelloRSA / ε | Empty]
Dec 09, 2017 9:27:31 PM de.learnlib.logging.LearnLogger logQuery
INFO: [ε | ε / ε | ε]
Dec 09, 2017 9:27:33 PM de.learnlib.logging.LearnLogger logQuery
INFO: [ε | ClientHelloRSA / ε | Empty]
Dec 09, 2017 9:43:22 PM de.learnlib.logging.LearnLogger logQuery
INFO: [ε | ε / ε | ε]
Dec 09, 2017 9:43:31 PM de.learnlib.logging.LearnLogger logQuery
INFO: [ε | ClientHelloRSA / ε | Empty]
Dec 09, 2017 9:48:40 PM de.learnlib.logging.LearnLogger logQuery
INFO: [ε | ε / ε | ε]
Dec 09, 2017 9:48:51 PM de.learnlib.logging.LearnLogger logQuery
INFO: [ε | ClientHelloRSA / ε | Empty]
